
<!DOCTYPE html>
<html>


<head>
	<meta charset='utf-8' /> 
	<meta name='description' content='' />
	<meta name='robots' content='noodp, noydir' />
	<meta name='viewport' content='width=device-width, initial-scale=1' />
	<meta id="timeStampFormat" name="timeStampFormat" content='MMM d, yyyy hh:mm:ss a'/>
	
	<link href='https://fonts.googleapis.com/css?family=Source+Sans+Pro:400,600' rel='stylesheet' type='text/css'>
	<link href="https://fonts.googleapis.com/icon?family=Material+Icons" rel="stylesheet">

		<link href='https://cdn.rawgit.com/anshooarora/extentreports-java/6d3843c29c354373fafad29c03a1a89b7e06c374/dist/css/extent.css' type='text/css' rel='stylesheet' />
	
	<title>ExtentReports</title>

</head>

	<body class='extent standard default hide-overflow bdd-report'>
		<div id='theme-selector' alt='Click to toggle theme. To enable by default, use theme configuration.' title='Click to toggle theme. To enable by default, use theme configuration.'>
			<span><i class='material-icons'>desktop_windows</i></span>
		</div>

<nav>
	<div class="nav-wrapper">
		<a href="#!" class="brand-logo blue darken-3">Extent</a>

		<!-- slideout menu -->
		<ul id='slide-out' class='side-nav fixed hide-on-med-and-down'>
			<li class='waves-effect active'><a href='#!' view='test-view' onclick="configureView(0);chartsView('test');"><i class='material-icons'>dashboard</i></a></li>
						<li class='waves-effect'><a href='#!' view='category-view' onclick="configureView(1)"><i class='material-icons'>label_outline</i></a></li>
			<li class='waves-effect'><a href='#!' view='exception-view' onclick="configureView(2)"><i class='material-icons'>bug_report</i></a></li>
			<li class='waves-effect'><a href='#!' onclick="configureView(-1);chartsView('dashboard');" view='dashboard-view'><i class='material-icons'>track_changes</i></i></a></li>
		</ul>

		<!-- report name -->
		<span class='report-name'>ExtentReports</span>
		
		<!-- report headline -->
		<span class='report-headline'></span>

		<!-- nav-right -->
		<ul id='nav-mobile' class='right hide-on-med-and-down nav-right'>
			<li>
                <a href='#!'>
                    <span class='label suite-start-time blue darken-3'>Dec 25, 2017 01:11:33 PM</span>
				</a>
			</li>
			<li>
                <a href='#!'>
                    <span class='label blue darken-3'>v3.0.6</span>
				</a>
			</li>
		</ul>
	</div>
</nav>

		<!-- container -->
		<div class='container'>

<div id='test-view' class='view'>
				
	<section id='controls'>
		<div class='controls grey lighten-4'>
			<!-- test toggle -->
			<div class='chip transparent'>
				<a class='dropdown-button tests-toggle' data-activates='tests-toggle' data-constrainwidth='true' data-beloworigin='true' data-hover='true' href='#'>
					<i class='material-icons'>warning</i> Status
				</a>
				<ul id='tests-toggle' class='dropdown-content'>
											<li status='pass'><a href='#!'>Pass <i class='material-icons green-text'>check_circle</i></a></li>
						<li status='fail'><a href='#!'>Fail <i class='material-icons red-text'>cancel</i></a></li>
						<li status='skip'><a href='#!'>Skip <i class='material-icons cyan-text'>redo</i></a></li>
					<li class='divider'></li>
					<li status='clear' clear='true'><a href='#!'>Clear Filters <i class='material-icons'>clear</i></a></li>
				</ul>
			</div>
			<!-- test toggle -->

			<!-- category toggle -->
			<div class='chip transparent'>
				<a class='dropdown-button category-toggle' data-activates='category-toggle' data-constrainwidth='false' data-beloworigin='true' data-hover='true' href='#'>
					<i class='material-icons'>local_offer</i> Category
				</a>
				<ul id='category-toggle' class='dropdown-content'>
					<li><a href='#'>@smoke</a></li>
					<li class='divider'></li>
					<li class='clear'><a href='#!' clear='true'>Clear Filters</a></li>
				</ul>
			</div>
			<!-- category toggle -->

			<!-- clear filters -->
			<div class='chip transparent hide'>
				<a class='' id='clear-filters' alt='Clear Filters' title='Clear Filters'>
					<i class='material-icons'>close</i> Clear
				</a>
			</div>
			<!-- clear filters -->

			<!-- enable dashboard -->
			<div id='toggle-test-view-charts' class='chip transparent'>
				<a class='pink-text' id='enable-dashboard' alt='Enable Dashboard' title='Enable Dashboard'>
					<i class='material-icons'>track_changes</i> Dashboard
				</a>
			</div>
			<!-- enable dashboard -->

			<!-- search -->
			<div class='chip transparent' alt='Search Tests' title='Search Tests'>
				<a href="#" class='search-div'>
					<i class='material-icons'>search</i> Search
				</a>

				<div class='input-field left hide'>
					<input id='search-tests' type='text' class='validate browser-default' placeholder='Search Tests...'>
				</div>
				
			</div>
			<!-- search -->
		</div>
	</section>


<div id='test-view-charts' class='subview-full'>
	<div id='charts-row' class='row nm-v nm-h'>
		<div class='col s12 m4 l4 np-h'>
			<div class='card-panel nm-v'>
				<div class='left panel-name'>Features</div>
				<div class='chart-box'>
					<canvas id='parent-analysis' width='100' height='80'></canvas>
				</div>
				<div class='block text-small'>
					<span class='tooltipped' data-position='top' data-tooltip='0%'><span class='strong'>0</span> feature(s) passed</span>
				</div>
				<div class='block text-small'>
					<span class='strong tooltipped' data-position='top' data-tooltip='100%'>3</span> feature(s) failed, <span class='strong tooltipped' data-position='top' data-tooltip='0%'>0</span> others
				</div>
			</div>
		</div>
		
		<div class='col s12 m4 l4 np-h'>
			<div class='card-panel nm-v'>
				<div class='left panel-name'>Scenarios</div>
				<div class='chart-box'>
					<canvas id='child-analysis' width='100' height='80'></canvas>
				</div>
				<div class='block text-small'>
					<span class='tooltipped' data-position='top' data-tooltip='0%'><span class='strong'>0</span> scenario(s) passed</span>
				</div>
				<div class='block text-small'>
					<span class='strong tooltipped' data-position='top' data-tooltip='100%'>13</span> scenario(s) failed, <span class='strong tooltipped' data-position='top' data-tooltip='0%'>0</span> others
				</div>
			</div>
		</div>
		
		<div class='col s12 m4 l4 np-h'>
			<div class='card-panel nm-v'>
				<div class='left panel-name'>Steps</div>
				<div class='chart-box'>
					<canvas id='grandchild-analysis' width='100' height='80'></canvas>
				</div>
				<div class='block text-small'>
					<span class='tooltipped' data-position='top' data-tooltip='0%'><span class='strong'>0</span> step(s) passed</span>
				</div>
				<div class='block text-small'>
					<span class='strong tooltipped' data-position='top' data-tooltip='18.31%'>13</span> step(s) failed, <span class='strong tooltipped' data-position='top' data-tooltip='81.69%'>58</span> others
				</div>
			</div>
		</div>
	</div>
</div>

	<div class='subview-left left'>
		
		<div class='view-summary'>
			<h5>Features</h5>
			<ul id='test-collection' class='test-collection'>
				
				
				<li class='test displayed active has-leaf fail' status='fail' bdd='true' test-id='1'>
					<div class='test-heading'>
						<span class='test-name'>Search for stay for price presence</span>
						<span class='test-time'>Dec 25, 2017 01:11:33 PM</span>
						<span class='test-status right fail'>fail</span>
					</div>
					<div class='test-content hide'>
<div class='scenario node' test-id='2' status='fail'>
	<span class='duration right label'>0h 0m 5s+249ms</span>
	<div class='desc'>
		<b>Scenario</b>
		<span class="desc-text">Verify price presence</span>
	</div>
	<ul class='steps'>
		<li test-id='3' class='node given fail' status='fail'>
			
			<b>Given</b>
			
			<span class="bdd-step-name">Given I am on the fourstay homepage</span>
				<div class='pre'><pre>org.openqa.selenium.WebDriverException: disconnected: unable to connect to renderer
  (Session info: chrome=63.0.3239.108)
  (Driver info: chromedriver=2.30.477690 (c53f4ad87510ee97b5c3425a14c0e79780cdf262),platform=Mac OS X 10.13.2 x86_64) (WARNING: The server did not provide any stacktrace information)
Command duration or timeout: 42 milliseconds
Build info: version: '3.4.0', revision: 'unknown', time: 'unknown'
System info: host: 'Bogdans-MBP.fios-router.home', ip: 'fe80:0:0:0:1436:99a0:b120:fe68%en0', os.name: 'Mac OS X', os.arch: 'x86_64', os.version: '10.13.2', java.version: '1.8.0_121'
Driver info: org.openqa.selenium.chrome.ChromeDriver
Capabilities [{applicationCacheEnabled=false, rotatable=false, mobileEmulationEnabled=false, networkConnectionEnabled=false, chrome={chromedriverVersion=2.30.477690 (c53f4ad87510ee97b5c3425a14c0e79780cdf262), userDataDir=/var/folders/5r/h4bsx0fn2q91hsk5dsl7ynjr0000gn/T/.org.chromium.Chromium.LnEdkc}, takesHeapSnapshot=true, pageLoadStrategy=normal, databaseEnabled=false, handlesAlerts=true, hasTouchScreen=false, version=63.0.3239.108, platform=MAC, browserConnectionEnabled=false, nativeEvents=true, acceptSslCerts=true, locationContextEnabled=true, webStorageEnabled=true, browserName=chrome, takesScreenshot=true, javascriptEnabled=true, cssSelectorsEnabled=true, unexpectedAlertBehaviour=}]
Session ID: 40f2d2c66d428657363a00c2342443ee
	at sun.reflect.NativeConstructorAccessorImpl.newInstance0(Native Method)
	at sun.reflect.NativeConstructorAccessorImpl.newInstance(NativeConstructorAccessorImpl.java:62)
	at sun.reflect.DelegatingConstructorAccessorImpl.newInstance(DelegatingConstructorAccessorImpl.java:45)
	at java.lang.reflect.Constructor.newInstance(Constructor.java:423)
	at org.openqa.selenium.remote.ErrorHandler.createThrowable(ErrorHandler.java:215)
	at org.openqa.selenium.remote.ErrorHandler.throwIfResponseFailed(ErrorHandler.java:167)
	at org.openqa.selenium.remote.RemoteWebDriver.execute(RemoteWebDriver.java:671)
	at org.openqa.selenium.remote.RemoteWebDriver.execute(RemoteWebDriver.java:694)
	at org.openqa.selenium.remote.RemoteWebDriver$RemoteWebDriverOptions$RemoteWindow.maximize(RemoteWebDriver.java:925)
	at com.fourstay.step_definitions.SearchStepDefs.i_am_on_the_fourstay_homepage(SearchStepDefs.java:29)
	at ✽.Given I am on the fourstay homepage(staytest_36_verifying_price_presence.feature:8)
</pre></div>
			
		</li>
		<li test-id='4' class='node when skip' status='skip'>
			
			<b>When</b>
			
			<span class="bdd-step-name">When I login as a guest</span>
				<div class='pre'>skipped</div>
			
		</li>
		<li test-id='5' class='node and skip' status='skip'>
			
			<b>And</b>
			
			<span class="bdd-step-name">And I go the home page</span>
				<div class='pre'>skipped</div>
			
		</li>
		<li test-id='6' class='node when skip' status='skip'>
			
			<b>When</b>
			
			<span class="bdd-step-name">When I search for hosting</span>
				<div class='pre'>skipped</div>
			
		</li>
		<li test-id='7' class='node then skip' status='skip'>
			
			<b>Then</b>
			
			<span class="bdd-step-name">Then I should be able to see that all stays on result list have price tag</span>
				<div class='pre'>skipped</div>
			
		</li>
	</ul>
</div>
					</div>
				</li>
				
				
				<li class='test displayed active has-leaf fail' status='fail' bdd='true' test-id='8'>
					<div class='test-heading'>
						<span class='test-name'>Account info verification</span>
						<span class='test-time'>Dec 25, 2017 01:11:42 PM</span>
						<span class='test-status right fail'>fail</span>
					</div>
					<div class='test-content hide'>
<div class='scenariooutline node' test-id='9' status='fail'>
	<span class='duration right label'>0h 0m 0s+795ms</span>
	<div class='desc'>
		<b>ScenarioOutline</b>
		<span class="desc-text">Verify user information</span>
	</div>
	<ul class='steps'>
		<li test-id='10' class='node scenario fail' status='fail'>
			<div class='category-list'>
				<span class='category label white-text'>@smoke</span>
			</div>
			
			<b>Scenario</b>
			
			<span class="bdd-step-name">Verify user information</span>
			
				<ul class='steps'>
					<li test-id='11' class='node given fail' status='fail'><b>Given</b>
						<span class="bdd-step-name">Given I am on the fourstay login dialog</span>
							<div class='pre'><pre>org.openqa.selenium.WebDriverException: chrome not reachable
  (Session info: chrome=63.0.3239.108)
  (Driver info: chromedriver=2.30.477690 (c53f4ad87510ee97b5c3425a14c0e79780cdf262),platform=Mac OS X 10.13.2 x86_64) (WARNING: The server did not provide any stacktrace information)
Command duration or timeout: 13 milliseconds
Build info: version: '3.4.0', revision: 'unknown', time: 'unknown'
System info: host: 'Bogdans-MBP.fios-router.home', ip: 'fe80:0:0:0:1436:99a0:b120:fe68%en0', os.name: 'Mac OS X', os.arch: 'x86_64', os.version: '10.13.2', java.version: '1.8.0_121'
Driver info: org.openqa.selenium.chrome.ChromeDriver
Capabilities [{applicationCacheEnabled=false, rotatable=false, mobileEmulationEnabled=false, networkConnectionEnabled=false, chrome={chromedriverVersion=2.30.477690 (c53f4ad87510ee97b5c3425a14c0e79780cdf262), userDataDir=/var/folders/5r/h4bsx0fn2q91hsk5dsl7ynjr0000gn/T/.org.chromium.Chromium.LnEdkc}, takesHeapSnapshot=true, pageLoadStrategy=normal, databaseEnabled=false, handlesAlerts=true, hasTouchScreen=false, version=63.0.3239.108, platform=MAC, browserConnectionEnabled=false, nativeEvents=true, acceptSslCerts=true, locationContextEnabled=true, webStorageEnabled=true, browserName=chrome, takesScreenshot=true, javascriptEnabled=true, cssSelectorsEnabled=true, unexpectedAlertBehaviour=}]
Session ID: 40f2d2c66d428657363a00c2342443ee
	at sun.reflect.NativeConstructorAccessorImpl.newInstance0(Native Method)
	at sun.reflect.NativeConstructorAccessorImpl.newInstance(NativeConstructorAccessorImpl.java:62)
	at sun.reflect.DelegatingConstructorAccessorImpl.newInstance(DelegatingConstructorAccessorImpl.java:45)
	at java.lang.reflect.Constructor.newInstance(Constructor.java:423)
	at org.openqa.selenium.remote.ErrorHandler.createThrowable(ErrorHandler.java:215)
	at org.openqa.selenium.remote.ErrorHandler.throwIfResponseFailed(ErrorHandler.java:167)
	at org.openqa.selenium.remote.RemoteWebDriver.execute(RemoteWebDriver.java:671)
	at org.openqa.selenium.remote.RemoteWebDriver.get(RemoteWebDriver.java:364)
	at com.fourstay.step_definitions.DisplayingUserInformationStepDefs.i_am_on_the_fourstay_login_dialog(DisplayingUserInformationStepDefs.java:31)
	at ✽.Given I am on the fourstay login dialog(staytest_account_info_verification.feature:7)
</pre></div>
					</li>
					<li test-id='12' class='node and skip' status='skip'><b>And</b>
						<span class="bdd-step-name">And I enter email "sking@testmail.com"</span>
							<div class='pre'>skipped</div>
					</li>
					<li test-id='13' class='node and skip' status='skip'><b>And</b>
						<span class="bdd-step-name">And I enter password "password"</span>
							<div class='pre'>skipped</div>
					</li>
					<li test-id='14' class='node when skip' status='skip'><b>When</b>
						<span class="bdd-step-name">When I click on the login button</span>
							<div class='pre'>skipped</div>
					</li>
					<li test-id='15' class='node when skip' status='skip'><b>When</b>
						<span class="bdd-step-name">When the user goes the account details page</span>
							<div class='pre'>skipped</div>
					</li>
					<li test-id='16' class='node then skip' status='skip'><b>Then</b>
						<span class="bdd-step-name">Then the user first name, last name and phone number should be as in database</span>
							<div class='pre'>skipped</div>
					</li>
				</ul>
		</li>
		<li test-id='17' class='node scenario fail' status='fail'>
			<div class='category-list'>
				<span class='category label white-text'>@smoke</span>
			</div>
			
			<b>Scenario</b>
			
			<span class="bdd-step-name">Verify user information</span>
			
				<ul class='steps'>
					<li test-id='18' class='node given fail' status='fail'><b>Given</b>
						<span class="bdd-step-name">Given I am on the fourstay login dialog</span>
							<div class='pre'><pre>org.openqa.selenium.WebDriverException: chrome not reachable
  (Session info: chrome=63.0.3239.108)
  (Driver info: chromedriver=2.30.477690 (c53f4ad87510ee97b5c3425a14c0e79780cdf262),platform=Mac OS X 10.13.2 x86_64) (WARNING: The server did not provide any stacktrace information)
Command duration or timeout: 11 milliseconds
Build info: version: '3.4.0', revision: 'unknown', time: 'unknown'
System info: host: 'Bogdans-MBP.fios-router.home', ip: 'fe80:0:0:0:1436:99a0:b120:fe68%en0', os.name: 'Mac OS X', os.arch: 'x86_64', os.version: '10.13.2', java.version: '1.8.0_121'
Driver info: org.openqa.selenium.chrome.ChromeDriver
Capabilities [{applicationCacheEnabled=false, rotatable=false, mobileEmulationEnabled=false, networkConnectionEnabled=false, chrome={chromedriverVersion=2.30.477690 (c53f4ad87510ee97b5c3425a14c0e79780cdf262), userDataDir=/var/folders/5r/h4bsx0fn2q91hsk5dsl7ynjr0000gn/T/.org.chromium.Chromium.LnEdkc}, takesHeapSnapshot=true, pageLoadStrategy=normal, databaseEnabled=false, handlesAlerts=true, hasTouchScreen=false, version=63.0.3239.108, platform=MAC, browserConnectionEnabled=false, nativeEvents=true, acceptSslCerts=true, locationContextEnabled=true, webStorageEnabled=true, browserName=chrome, takesScreenshot=true, javascriptEnabled=true, cssSelectorsEnabled=true, unexpectedAlertBehaviour=}]
Session ID: 40f2d2c66d428657363a00c2342443ee
	at sun.reflect.NativeConstructorAccessorImpl.newInstance0(Native Method)
	at sun.reflect.NativeConstructorAccessorImpl.newInstance(NativeConstructorAccessorImpl.java:62)
	at sun.reflect.DelegatingConstructorAccessorImpl.newInstance(DelegatingConstructorAccessorImpl.java:45)
	at java.lang.reflect.Constructor.newInstance(Constructor.java:423)
	at org.openqa.selenium.remote.ErrorHandler.createThrowable(ErrorHandler.java:215)
	at org.openqa.selenium.remote.ErrorHandler.throwIfResponseFailed(ErrorHandler.java:167)
	at org.openqa.selenium.remote.RemoteWebDriver.execute(RemoteWebDriver.java:671)
	at org.openqa.selenium.remote.RemoteWebDriver.get(RemoteWebDriver.java:364)
	at com.fourstay.step_definitions.DisplayingUserInformationStepDefs.i_am_on_the_fourstay_login_dialog(DisplayingUserInformationStepDefs.java:31)
	at ✽.Given I am on the fourstay login dialog(staytest_account_info_verification.feature:7)
</pre></div>
					</li>
					<li test-id='19' class='node and skip' status='skip'><b>And</b>
						<span class="bdd-step-name">And I enter email "dlorentz@testmail.com"</span>
							<div class='pre'>skipped</div>
					</li>
					<li test-id='20' class='node and skip' status='skip'><b>And</b>
						<span class="bdd-step-name">And I enter password "password"</span>
							<div class='pre'>skipped</div>
					</li>
					<li test-id='21' class='node when skip' status='skip'><b>When</b>
						<span class="bdd-step-name">When I click on the login button</span>
							<div class='pre'>skipped</div>
					</li>
					<li test-id='22' class='node when skip' status='skip'><b>When</b>
						<span class="bdd-step-name">When the user goes the account details page</span>
							<div class='pre'>skipped</div>
					</li>
					<li test-id='23' class='node then skip' status='skip'><b>Then</b>
						<span class="bdd-step-name">Then the user first name, last name and phone number should be as in database</span>
							<div class='pre'>skipped</div>
					</li>
				</ul>
		</li>
		<li test-id='24' class='node scenario fail' status='fail'>
			<div class='category-list'>
				<span class='category label white-text'>@smoke</span>
			</div>
			
			<b>Scenario</b>
			
			<span class="bdd-step-name">Verify user information</span>
			
				<ul class='steps'>
					<li test-id='25' class='node given fail' status='fail'><b>Given</b>
						<span class="bdd-step-name">Given I am on the fourstay login dialog</span>
							<div class='pre'><pre>org.openqa.selenium.WebDriverException: chrome not reachable
  (Session info: chrome=63.0.3239.108)
  (Driver info: chromedriver=2.30.477690 (c53f4ad87510ee97b5c3425a14c0e79780cdf262),platform=Mac OS X 10.13.2 x86_64) (WARNING: The server did not provide any stacktrace information)
Command duration or timeout: 44 milliseconds
Build info: version: '3.4.0', revision: 'unknown', time: 'unknown'
System info: host: 'Bogdans-MBP.fios-router.home', ip: 'fe80:0:0:0:1436:99a0:b120:fe68%en0', os.name: 'Mac OS X', os.arch: 'x86_64', os.version: '10.13.2', java.version: '1.8.0_121'
Driver info: org.openqa.selenium.chrome.ChromeDriver
Capabilities [{applicationCacheEnabled=false, rotatable=false, mobileEmulationEnabled=false, networkConnectionEnabled=false, chrome={chromedriverVersion=2.30.477690 (c53f4ad87510ee97b5c3425a14c0e79780cdf262), userDataDir=/var/folders/5r/h4bsx0fn2q91hsk5dsl7ynjr0000gn/T/.org.chromium.Chromium.LnEdkc}, takesHeapSnapshot=true, pageLoadStrategy=normal, databaseEnabled=false, handlesAlerts=true, hasTouchScreen=false, version=63.0.3239.108, platform=MAC, browserConnectionEnabled=false, nativeEvents=true, acceptSslCerts=true, locationContextEnabled=true, webStorageEnabled=true, browserName=chrome, takesScreenshot=true, javascriptEnabled=true, cssSelectorsEnabled=true, unexpectedAlertBehaviour=}]
Session ID: 40f2d2c66d428657363a00c2342443ee
	at sun.reflect.NativeConstructorAccessorImpl.newInstance0(Native Method)
	at sun.reflect.NativeConstructorAccessorImpl.newInstance(NativeConstructorAccessorImpl.java:62)
	at sun.reflect.DelegatingConstructorAccessorImpl.newInstance(DelegatingConstructorAccessorImpl.java:45)
	at java.lang.reflect.Constructor.newInstance(Constructor.java:423)
	at org.openqa.selenium.remote.ErrorHandler.createThrowable(ErrorHandler.java:215)
	at org.openqa.selenium.remote.ErrorHandler.throwIfResponseFailed(ErrorHandler.java:167)
	at org.openqa.selenium.remote.RemoteWebDriver.execute(RemoteWebDriver.java:671)
	at org.openqa.selenium.remote.RemoteWebDriver.get(RemoteWebDriver.java:364)
	at com.fourstay.step_definitions.DisplayingUserInformationStepDefs.i_am_on_the_fourstay_login_dialog(DisplayingUserInformationStepDefs.java:31)
	at ✽.Given I am on the fourstay login dialog(staytest_account_info_verification.feature:7)
</pre></div>
					</li>
					<li test-id='26' class='node and skip' status='skip'><b>And</b>
						<span class="bdd-step-name">And I enter email "daustin@testmail.com"</span>
							<div class='pre'>skipped</div>
					</li>
					<li test-id='27' class='node and skip' status='skip'><b>And</b>
						<span class="bdd-step-name">And I enter password "password"</span>
							<div class='pre'>skipped</div>
					</li>
					<li test-id='28' class='node when skip' status='skip'><b>When</b>
						<span class="bdd-step-name">When I click on the login button</span>
							<div class='pre'>skipped</div>
					</li>
					<li test-id='29' class='node when skip' status='skip'><b>When</b>
						<span class="bdd-step-name">When the user goes the account details page</span>
							<div class='pre'>skipped</div>
					</li>
					<li test-id='30' class='node then skip' status='skip'><b>Then</b>
						<span class="bdd-step-name">Then the user first name, last name and phone number should be as in database</span>
							<div class='pre'>skipped</div>
					</li>
				</ul>
		</li>
		<li test-id='31' class='node scenario fail' status='fail'>
			<div class='category-list'>
				<span class='category label white-text'>@smoke</span>
			</div>
			
			<b>Scenario</b>
			
			<span class="bdd-step-name">Verify user information</span>
			
				<ul class='steps'>
					<li test-id='32' class='node given fail' status='fail'><b>Given</b>
						<span class="bdd-step-name">Given I am on the fourstay login dialog</span>
							<div class='pre'><pre>org.openqa.selenium.WebDriverException: chrome not reachable
  (Session info: chrome=63.0.3239.108)
  (Driver info: chromedriver=2.30.477690 (c53f4ad87510ee97b5c3425a14c0e79780cdf262),platform=Mac OS X 10.13.2 x86_64) (WARNING: The server did not provide any stacktrace information)
Command duration or timeout: 12 milliseconds
Build info: version: '3.4.0', revision: 'unknown', time: 'unknown'
System info: host: 'Bogdans-MBP.fios-router.home', ip: 'fe80:0:0:0:1436:99a0:b120:fe68%en0', os.name: 'Mac OS X', os.arch: 'x86_64', os.version: '10.13.2', java.version: '1.8.0_121'
Driver info: org.openqa.selenium.chrome.ChromeDriver
Capabilities [{applicationCacheEnabled=false, rotatable=false, mobileEmulationEnabled=false, networkConnectionEnabled=false, chrome={chromedriverVersion=2.30.477690 (c53f4ad87510ee97b5c3425a14c0e79780cdf262), userDataDir=/var/folders/5r/h4bsx0fn2q91hsk5dsl7ynjr0000gn/T/.org.chromium.Chromium.LnEdkc}, takesHeapSnapshot=true, pageLoadStrategy=normal, databaseEnabled=false, handlesAlerts=true, hasTouchScreen=false, version=63.0.3239.108, platform=MAC, browserConnectionEnabled=false, nativeEvents=true, acceptSslCerts=true, locationContextEnabled=true, webStorageEnabled=true, browserName=chrome, takesScreenshot=true, javascriptEnabled=true, cssSelectorsEnabled=true, unexpectedAlertBehaviour=}]
Session ID: 40f2d2c66d428657363a00c2342443ee
	at sun.reflect.NativeConstructorAccessorImpl.newInstance0(Native Method)
	at sun.reflect.NativeConstructorAccessorImpl.newInstance(NativeConstructorAccessorImpl.java:62)
	at sun.reflect.DelegatingConstructorAccessorImpl.newInstance(DelegatingConstructorAccessorImpl.java:45)
	at java.lang.reflect.Constructor.newInstance(Constructor.java:423)
	at org.openqa.selenium.remote.ErrorHandler.createThrowable(ErrorHandler.java:215)
	at org.openqa.selenium.remote.ErrorHandler.throwIfResponseFailed(ErrorHandler.java:167)
	at org.openqa.selenium.remote.RemoteWebDriver.execute(RemoteWebDriver.java:671)
	at org.openqa.selenium.remote.RemoteWebDriver.get(RemoteWebDriver.java:364)
	at com.fourstay.step_definitions.DisplayingUserInformationStepDefs.i_am_on_the_fourstay_login_dialog(DisplayingUserInformationStepDefs.java:31)
	at ✽.Given I am on the fourstay login dialog(staytest_account_info_verification.feature:7)
</pre></div>
					</li>
					<li test-id='33' class='node and skip' status='skip'><b>And</b>
						<span class="bdd-step-name">And I enter email "isciarra@testmail.com"</span>
							<div class='pre'>skipped</div>
					</li>
					<li test-id='34' class='node and skip' status='skip'><b>And</b>
						<span class="bdd-step-name">And I enter password "password"</span>
							<div class='pre'>skipped</div>
					</li>
					<li test-id='35' class='node when skip' status='skip'><b>When</b>
						<span class="bdd-step-name">When I click on the login button</span>
							<div class='pre'>skipped</div>
					</li>
					<li test-id='36' class='node when skip' status='skip'><b>When</b>
						<span class="bdd-step-name">When the user goes the account details page</span>
							<div class='pre'>skipped</div>
					</li>
					<li test-id='37' class='node then skip' status='skip'><b>Then</b>
						<span class="bdd-step-name">Then the user first name, last name and phone number should be as in database</span>
							<div class='pre'>skipped</div>
					</li>
				</ul>
		</li>
		<li test-id='38' class='node scenario fail' status='fail'>
			<div class='category-list'>
				<span class='category label white-text'>@smoke</span>
			</div>
			
			<b>Scenario</b>
			
			<span class="bdd-step-name">Verify user information</span>
			
				<ul class='steps'>
					<li test-id='39' class='node given fail' status='fail'><b>Given</b>
						<span class="bdd-step-name">Given I am on the fourstay login dialog</span>
							<div class='pre'><pre>org.openqa.selenium.WebDriverException: chrome not reachable
  (Session info: chrome=63.0.3239.108)
  (Driver info: chromedriver=2.30.477690 (c53f4ad87510ee97b5c3425a14c0e79780cdf262),platform=Mac OS X 10.13.2 x86_64) (WARNING: The server did not provide any stacktrace information)
Command duration or timeout: 10 milliseconds
Build info: version: '3.4.0', revision: 'unknown', time: 'unknown'
System info: host: 'Bogdans-MBP.fios-router.home', ip: 'fe80:0:0:0:1436:99a0:b120:fe68%en0', os.name: 'Mac OS X', os.arch: 'x86_64', os.version: '10.13.2', java.version: '1.8.0_121'
Driver info: org.openqa.selenium.chrome.ChromeDriver
Capabilities [{applicationCacheEnabled=false, rotatable=false, mobileEmulationEnabled=false, networkConnectionEnabled=false, chrome={chromedriverVersion=2.30.477690 (c53f4ad87510ee97b5c3425a14c0e79780cdf262), userDataDir=/var/folders/5r/h4bsx0fn2q91hsk5dsl7ynjr0000gn/T/.org.chromium.Chromium.LnEdkc}, takesHeapSnapshot=true, pageLoadStrategy=normal, databaseEnabled=false, handlesAlerts=true, hasTouchScreen=false, version=63.0.3239.108, platform=MAC, browserConnectionEnabled=false, nativeEvents=true, acceptSslCerts=true, locationContextEnabled=true, webStorageEnabled=true, browserName=chrome, takesScreenshot=true, javascriptEnabled=true, cssSelectorsEnabled=true, unexpectedAlertBehaviour=}]
Session ID: 40f2d2c66d428657363a00c2342443ee
	at sun.reflect.NativeConstructorAccessorImpl.newInstance0(Native Method)
	at sun.reflect.NativeConstructorAccessorImpl.newInstance(NativeConstructorAccessorImpl.java:62)
	at sun.reflect.DelegatingConstructorAccessorImpl.newInstance(DelegatingConstructorAccessorImpl.java:45)
	at java.lang.reflect.Constructor.newInstance(Constructor.java:423)
	at org.openqa.selenium.remote.ErrorHandler.createThrowable(ErrorHandler.java:215)
	at org.openqa.selenium.remote.ErrorHandler.throwIfResponseFailed(ErrorHandler.java:167)
	at org.openqa.selenium.remote.RemoteWebDriver.execute(RemoteWebDriver.java:671)
	at org.openqa.selenium.remote.RemoteWebDriver.get(RemoteWebDriver.java:364)
	at com.fourstay.step_definitions.DisplayingUserInformationStepDefs.i_am_on_the_fourstay_login_dialog(DisplayingUserInformationStepDefs.java:31)
	at ✽.Given I am on the fourstay login dialog(staytest_account_info_verification.feature:7)
</pre></div>
					</li>
					<li test-id='40' class='node and skip' status='skip'><b>And</b>
						<span class="bdd-step-name">And I enter email "imikkili@testmail.com"</span>
							<div class='pre'>skipped</div>
					</li>
					<li test-id='41' class='node and skip' status='skip'><b>And</b>
						<span class="bdd-step-name">And I enter password "password"</span>
							<div class='pre'>skipped</div>
					</li>
					<li test-id='42' class='node when skip' status='skip'><b>When</b>
						<span class="bdd-step-name">When I click on the login button</span>
							<div class='pre'>skipped</div>
					</li>
					<li test-id='43' class='node when skip' status='skip'><b>When</b>
						<span class="bdd-step-name">When the user goes the account details page</span>
							<div class='pre'>skipped</div>
					</li>
					<li test-id='44' class='node then skip' status='skip'><b>Then</b>
						<span class="bdd-step-name">Then the user first name, last name and phone number should be as in database</span>
							<div class='pre'>skipped</div>
					</li>
				</ul>
		</li>
		<li test-id='45' class='node scenario fail' status='fail'>
			<div class='category-list'>
				<span class='category label white-text'>@smoke</span>
			</div>
			
			<b>Scenario</b>
			
			<span class="bdd-step-name">Verify user information</span>
			
				<ul class='steps'>
					<li test-id='46' class='node given fail' status='fail'><b>Given</b>
						<span class="bdd-step-name">Given I am on the fourstay login dialog</span>
							<div class='pre'><pre>org.openqa.selenium.WebDriverException: chrome not reachable
  (Session info: chrome=63.0.3239.108)
  (Driver info: chromedriver=2.30.477690 (c53f4ad87510ee97b5c3425a14c0e79780cdf262),platform=Mac OS X 10.13.2 x86_64) (WARNING: The server did not provide any stacktrace information)
Command duration or timeout: 11 milliseconds
Build info: version: '3.4.0', revision: 'unknown', time: 'unknown'
System info: host: 'Bogdans-MBP.fios-router.home', ip: 'fe80:0:0:0:1436:99a0:b120:fe68%en0', os.name: 'Mac OS X', os.arch: 'x86_64', os.version: '10.13.2', java.version: '1.8.0_121'
Driver info: org.openqa.selenium.chrome.ChromeDriver
Capabilities [{applicationCacheEnabled=false, rotatable=false, mobileEmulationEnabled=false, networkConnectionEnabled=false, chrome={chromedriverVersion=2.30.477690 (c53f4ad87510ee97b5c3425a14c0e79780cdf262), userDataDir=/var/folders/5r/h4bsx0fn2q91hsk5dsl7ynjr0000gn/T/.org.chromium.Chromium.LnEdkc}, takesHeapSnapshot=true, pageLoadStrategy=normal, databaseEnabled=false, handlesAlerts=true, hasTouchScreen=false, version=63.0.3239.108, platform=MAC, browserConnectionEnabled=false, nativeEvents=true, acceptSslCerts=true, locationContextEnabled=true, webStorageEnabled=true, browserName=chrome, takesScreenshot=true, javascriptEnabled=true, cssSelectorsEnabled=true, unexpectedAlertBehaviour=}]
Session ID: 40f2d2c66d428657363a00c2342443ee
	at sun.reflect.NativeConstructorAccessorImpl.newInstance0(Native Method)
	at sun.reflect.NativeConstructorAccessorImpl.newInstance(NativeConstructorAccessorImpl.java:62)
	at sun.reflect.DelegatingConstructorAccessorImpl.newInstance(DelegatingConstructorAccessorImpl.java:45)
	at java.lang.reflect.Constructor.newInstance(Constructor.java:423)
	at org.openqa.selenium.remote.ErrorHandler.createThrowable(ErrorHandler.java:215)
	at org.openqa.selenium.remote.ErrorHandler.throwIfResponseFailed(ErrorHandler.java:167)
	at org.openqa.selenium.remote.RemoteWebDriver.execute(RemoteWebDriver.java:671)
	at org.openqa.selenium.remote.RemoteWebDriver.get(RemoteWebDriver.java:364)
	at com.fourstay.step_definitions.DisplayingUserInformationStepDefs.i_am_on_the_fourstay_login_dialog(DisplayingUserInformationStepDefs.java:31)
	at ✽.Given I am on the fourstay login dialog(staytest_account_info_verification.feature:7)
</pre></div>
					</li>
					<li test-id='47' class='node and skip' status='skip'><b>And</b>
						<span class="bdd-step-name">And I enter email "jnayer@testmail.com"</span>
							<div class='pre'>skipped</div>
					</li>
					<li test-id='48' class='node and skip' status='skip'><b>And</b>
						<span class="bdd-step-name">And I enter password "password"</span>
							<div class='pre'>skipped</div>
					</li>
					<li test-id='49' class='node when skip' status='skip'><b>When</b>
						<span class="bdd-step-name">When I click on the login button</span>
							<div class='pre'>skipped</div>
					</li>
					<li test-id='50' class='node when skip' status='skip'><b>When</b>
						<span class="bdd-step-name">When the user goes the account details page</span>
							<div class='pre'>skipped</div>
					</li>
					<li test-id='51' class='node then skip' status='skip'><b>Then</b>
						<span class="bdd-step-name">Then the user first name, last name and phone number should be as in database</span>
							<div class='pre'>skipped</div>
					</li>
				</ul>
		</li>
		<li test-id='52' class='node scenario fail' status='fail'>
			<div class='category-list'>
				<span class='category label white-text'>@smoke</span>
			</div>
			
			<b>Scenario</b>
			
			<span class="bdd-step-name">Verify user information</span>
			
				<ul class='steps'>
					<li test-id='53' class='node given fail' status='fail'><b>Given</b>
						<span class="bdd-step-name">Given I am on the fourstay login dialog</span>
							<div class='pre'><pre>org.openqa.selenium.WebDriverException: chrome not reachable
  (Session info: chrome=63.0.3239.108)
  (Driver info: chromedriver=2.30.477690 (c53f4ad87510ee97b5c3425a14c0e79780cdf262),platform=Mac OS X 10.13.2 x86_64) (WARNING: The server did not provide any stacktrace information)
Command duration or timeout: 11 milliseconds
Build info: version: '3.4.0', revision: 'unknown', time: 'unknown'
System info: host: 'Bogdans-MBP.fios-router.home', ip: 'fe80:0:0:0:1436:99a0:b120:fe68%en0', os.name: 'Mac OS X', os.arch: 'x86_64', os.version: '10.13.2', java.version: '1.8.0_121'
Driver info: org.openqa.selenium.chrome.ChromeDriver
Capabilities [{applicationCacheEnabled=false, rotatable=false, mobileEmulationEnabled=false, networkConnectionEnabled=false, chrome={chromedriverVersion=2.30.477690 (c53f4ad87510ee97b5c3425a14c0e79780cdf262), userDataDir=/var/folders/5r/h4bsx0fn2q91hsk5dsl7ynjr0000gn/T/.org.chromium.Chromium.LnEdkc}, takesHeapSnapshot=true, pageLoadStrategy=normal, databaseEnabled=false, handlesAlerts=true, hasTouchScreen=false, version=63.0.3239.108, platform=MAC, browserConnectionEnabled=false, nativeEvents=true, acceptSslCerts=true, locationContextEnabled=true, webStorageEnabled=true, browserName=chrome, takesScreenshot=true, javascriptEnabled=true, cssSelectorsEnabled=true, unexpectedAlertBehaviour=}]
Session ID: 40f2d2c66d428657363a00c2342443ee
	at sun.reflect.NativeConstructorAccessorImpl.newInstance0(Native Method)
	at sun.reflect.NativeConstructorAccessorImpl.newInstance(NativeConstructorAccessorImpl.java:62)
	at sun.reflect.DelegatingConstructorAccessorImpl.newInstance(DelegatingConstructorAccessorImpl.java:45)
	at java.lang.reflect.Constructor.newInstance(Constructor.java:423)
	at org.openqa.selenium.remote.ErrorHandler.createThrowable(ErrorHandler.java:215)
	at org.openqa.selenium.remote.ErrorHandler.throwIfResponseFailed(ErrorHandler.java:167)
	at org.openqa.selenium.remote.RemoteWebDriver.execute(RemoteWebDriver.java:671)
	at org.openqa.selenium.remote.RemoteWebDriver.get(RemoteWebDriver.java:364)
	at com.fourstay.step_definitions.DisplayingUserInformationStepDefs.i_am_on_the_fourstay_login_dialog(DisplayingUserInformationStepDefs.java:31)
	at ✽.Given I am on the fourstay login dialog(staytest_account_info_verification.feature:7)
</pre></div>
					</li>
					<li test-id='54' class='node and skip' status='skip'><b>And</b>
						<span class="bdd-step-name">And I enter email "shiggins@testmail.com"</span>
							<div class='pre'>skipped</div>
					</li>
					<li test-id='55' class='node and skip' status='skip'><b>And</b>
						<span class="bdd-step-name">And I enter password "password"</span>
							<div class='pre'>skipped</div>
					</li>
					<li test-id='56' class='node when skip' status='skip'><b>When</b>
						<span class="bdd-step-name">When I click on the login button</span>
							<div class='pre'>skipped</div>
					</li>
					<li test-id='57' class='node when skip' status='skip'><b>When</b>
						<span class="bdd-step-name">When the user goes the account details page</span>
							<div class='pre'>skipped</div>
					</li>
					<li test-id='58' class='node then skip' status='skip'><b>Then</b>
						<span class="bdd-step-name">Then the user first name, last name and phone number should be as in database</span>
							<div class='pre'>skipped</div>
					</li>
				</ul>
		</li>
		<li test-id='59' class='node scenario fail' status='fail'>
			<div class='category-list'>
				<span class='category label white-text'>@smoke</span>
			</div>
			
			<b>Scenario</b>
			
			<span class="bdd-step-name">Verify user information</span>
			
				<ul class='steps'>
					<li test-id='60' class='node given fail' status='fail'><b>Given</b>
						<span class="bdd-step-name">Given I am on the fourstay login dialog</span>
							<div class='pre'><pre>org.openqa.selenium.WebDriverException: chrome not reachable
  (Session info: chrome=63.0.3239.108)
  (Driver info: chromedriver=2.30.477690 (c53f4ad87510ee97b5c3425a14c0e79780cdf262),platform=Mac OS X 10.13.2 x86_64) (WARNING: The server did not provide any stacktrace information)
Command duration or timeout: 9 milliseconds
Build info: version: '3.4.0', revision: 'unknown', time: 'unknown'
System info: host: 'Bogdans-MBP.fios-router.home', ip: 'fe80:0:0:0:1436:99a0:b120:fe68%en0', os.name: 'Mac OS X', os.arch: 'x86_64', os.version: '10.13.2', java.version: '1.8.0_121'
Driver info: org.openqa.selenium.chrome.ChromeDriver
Capabilities [{applicationCacheEnabled=false, rotatable=false, mobileEmulationEnabled=false, networkConnectionEnabled=false, chrome={chromedriverVersion=2.30.477690 (c53f4ad87510ee97b5c3425a14c0e79780cdf262), userDataDir=/var/folders/5r/h4bsx0fn2q91hsk5dsl7ynjr0000gn/T/.org.chromium.Chromium.LnEdkc}, takesHeapSnapshot=true, pageLoadStrategy=normal, databaseEnabled=false, handlesAlerts=true, hasTouchScreen=false, version=63.0.3239.108, platform=MAC, browserConnectionEnabled=false, nativeEvents=true, acceptSslCerts=true, locationContextEnabled=true, webStorageEnabled=true, browserName=chrome, takesScreenshot=true, javascriptEnabled=true, cssSelectorsEnabled=true, unexpectedAlertBehaviour=}]
Session ID: 40f2d2c66d428657363a00c2342443ee
	at sun.reflect.NativeConstructorAccessorImpl.newInstance0(Native Method)
	at sun.reflect.NativeConstructorAccessorImpl.newInstance(NativeConstructorAccessorImpl.java:62)
	at sun.reflect.DelegatingConstructorAccessorImpl.newInstance(DelegatingConstructorAccessorImpl.java:45)
	at java.lang.reflect.Constructor.newInstance(Constructor.java:423)
	at org.openqa.selenium.remote.ErrorHandler.createThrowable(ErrorHandler.java:215)
	at org.openqa.selenium.remote.ErrorHandler.throwIfResponseFailed(ErrorHandler.java:167)
	at org.openqa.selenium.remote.RemoteWebDriver.execute(RemoteWebDriver.java:671)
	at org.openqa.selenium.remote.RemoteWebDriver.get(RemoteWebDriver.java:364)
	at com.fourstay.step_definitions.DisplayingUserInformationStepDefs.i_am_on_the_fourstay_login_dialog(DisplayingUserInformationStepDefs.java:31)
	at ✽.Given I am on the fourstay login dialog(staytest_account_info_verification.feature:7)
</pre></div>
					</li>
					<li test-id='61' class='node and skip' status='skip'><b>And</b>
						<span class="bdd-step-name">And I enter email "acabrio@testmail.com"</span>
							<div class='pre'>skipped</div>
					</li>
					<li test-id='62' class='node and skip' status='skip'><b>And</b>
						<span class="bdd-step-name">And I enter password "password"</span>
							<div class='pre'>skipped</div>
					</li>
					<li test-id='63' class='node when skip' status='skip'><b>When</b>
						<span class="bdd-step-name">When I click on the login button</span>
							<div class='pre'>skipped</div>
					</li>
					<li test-id='64' class='node when skip' status='skip'><b>When</b>
						<span class="bdd-step-name">When the user goes the account details page</span>
							<div class='pre'>skipped</div>
					</li>
					<li test-id='65' class='node then skip' status='skip'><b>Then</b>
						<span class="bdd-step-name">Then the user first name, last name and phone number should be as in database</span>
							<div class='pre'>skipped</div>
					</li>
				</ul>
		</li>
		<li test-id='66' class='node scenario fail' status='fail'>
			<div class='category-list'>
				<span class='category label white-text'>@smoke</span>
			</div>
			
			<b>Scenario</b>
			
			<span class="bdd-step-name">Verify user information</span>
			
				<ul class='steps'>
					<li test-id='67' class='node given fail' status='fail'><b>Given</b>
						<span class="bdd-step-name">Given I am on the fourstay login dialog</span>
							<div class='pre'><pre>org.openqa.selenium.WebDriverException: chrome not reachable
  (Session info: chrome=63.0.3239.108)
  (Driver info: chromedriver=2.30.477690 (c53f4ad87510ee97b5c3425a14c0e79780cdf262),platform=Mac OS X 10.13.2 x86_64) (WARNING: The server did not provide any stacktrace information)
Command duration or timeout: 9 milliseconds
Build info: version: '3.4.0', revision: 'unknown', time: 'unknown'
System info: host: 'Bogdans-MBP.fios-router.home', ip: 'fe80:0:0:0:1436:99a0:b120:fe68%en0', os.name: 'Mac OS X', os.arch: 'x86_64', os.version: '10.13.2', java.version: '1.8.0_121'
Driver info: org.openqa.selenium.chrome.ChromeDriver
Capabilities [{applicationCacheEnabled=false, rotatable=false, mobileEmulationEnabled=false, networkConnectionEnabled=false, chrome={chromedriverVersion=2.30.477690 (c53f4ad87510ee97b5c3425a14c0e79780cdf262), userDataDir=/var/folders/5r/h4bsx0fn2q91hsk5dsl7ynjr0000gn/T/.org.chromium.Chromium.LnEdkc}, takesHeapSnapshot=true, pageLoadStrategy=normal, databaseEnabled=false, handlesAlerts=true, hasTouchScreen=false, version=63.0.3239.108, platform=MAC, browserConnectionEnabled=false, nativeEvents=true, acceptSslCerts=true, locationContextEnabled=true, webStorageEnabled=true, browserName=chrome, takesScreenshot=true, javascriptEnabled=true, cssSelectorsEnabled=true, unexpectedAlertBehaviour=}]
Session ID: 40f2d2c66d428657363a00c2342443ee
	at sun.reflect.GeneratedConstructorAccessor14.newInstance(Unknown Source)
	at sun.reflect.DelegatingConstructorAccessorImpl.newInstance(DelegatingConstructorAccessorImpl.java:45)
	at java.lang.reflect.Constructor.newInstance(Constructor.java:423)
	at org.openqa.selenium.remote.ErrorHandler.createThrowable(ErrorHandler.java:215)
	at org.openqa.selenium.remote.ErrorHandler.throwIfResponseFailed(ErrorHandler.java:167)
	at org.openqa.selenium.remote.RemoteWebDriver.execute(RemoteWebDriver.java:671)
	at org.openqa.selenium.remote.RemoteWebDriver.get(RemoteWebDriver.java:364)
	at com.fourstay.step_definitions.DisplayingUserInformationStepDefs.i_am_on_the_fourstay_login_dialog(DisplayingUserInformationStepDefs.java:31)
	at ✽.Given I am on the fourstay login dialog(staytest_account_info_verification.feature:7)
</pre></div>
					</li>
					<li test-id='68' class='node and skip' status='skip'><b>And</b>
						<span class="bdd-step-name">And I enter email "rperkins@testmail.com"</span>
							<div class='pre'>skipped</div>
					</li>
					<li test-id='69' class='node and skip' status='skip'><b>And</b>
						<span class="bdd-step-name">And I enter password "password"</span>
							<div class='pre'>skipped</div>
					</li>
					<li test-id='70' class='node when skip' status='skip'><b>When</b>
						<span class="bdd-step-name">When I click on the login button</span>
							<div class='pre'>skipped</div>
					</li>
					<li test-id='71' class='node when skip' status='skip'><b>When</b>
						<span class="bdd-step-name">When the user goes the account details page</span>
							<div class='pre'>skipped</div>
					</li>
					<li test-id='72' class='node then skip' status='skip'><b>Then</b>
						<span class="bdd-step-name">Then the user first name, last name and phone number should be as in database</span>
							<div class='pre'>skipped</div>
					</li>
				</ul>
		</li>
		<li test-id='73' class='node scenario fail' status='fail'>
			<div class='category-list'>
				<span class='category label white-text'>@smoke</span>
			</div>
			
			<b>Scenario</b>
			
			<span class="bdd-step-name">Verify user information</span>
			
				<ul class='steps'>
					<li test-id='74' class='node given fail' status='fail'><b>Given</b>
						<span class="bdd-step-name">Given I am on the fourstay login dialog</span>
							<div class='pre'><pre>org.openqa.selenium.WebDriverException: chrome not reachable
  (Session info: chrome=63.0.3239.108)
  (Driver info: chromedriver=2.30.477690 (c53f4ad87510ee97b5c3425a14c0e79780cdf262),platform=Mac OS X 10.13.2 x86_64) (WARNING: The server did not provide any stacktrace information)
Command duration or timeout: 9 milliseconds
Build info: version: '3.4.0', revision: 'unknown', time: 'unknown'
System info: host: 'Bogdans-MBP.fios-router.home', ip: 'fe80:0:0:0:1436:99a0:b120:fe68%en0', os.name: 'Mac OS X', os.arch: 'x86_64', os.version: '10.13.2', java.version: '1.8.0_121'
Driver info: org.openqa.selenium.chrome.ChromeDriver
Capabilities [{applicationCacheEnabled=false, rotatable=false, mobileEmulationEnabled=false, networkConnectionEnabled=false, chrome={chromedriverVersion=2.30.477690 (c53f4ad87510ee97b5c3425a14c0e79780cdf262), userDataDir=/var/folders/5r/h4bsx0fn2q91hsk5dsl7ynjr0000gn/T/.org.chromium.Chromium.LnEdkc}, takesHeapSnapshot=true, pageLoadStrategy=normal, databaseEnabled=false, handlesAlerts=true, hasTouchScreen=false, version=63.0.3239.108, platform=MAC, browserConnectionEnabled=false, nativeEvents=true, acceptSslCerts=true, locationContextEnabled=true, webStorageEnabled=true, browserName=chrome, takesScreenshot=true, javascriptEnabled=true, cssSelectorsEnabled=true, unexpectedAlertBehaviour=}]
Session ID: 40f2d2c66d428657363a00c2342443ee
	at sun.reflect.GeneratedConstructorAccessor14.newInstance(Unknown Source)
	at sun.reflect.DelegatingConstructorAccessorImpl.newInstance(DelegatingConstructorAccessorImpl.java:45)
	at java.lang.reflect.Constructor.newInstance(Constructor.java:423)
	at org.openqa.selenium.remote.ErrorHandler.createThrowable(ErrorHandler.java:215)
	at org.openqa.selenium.remote.ErrorHandler.throwIfResponseFailed(ErrorHandler.java:167)
	at org.openqa.selenium.remote.RemoteWebDriver.execute(RemoteWebDriver.java:671)
	at org.openqa.selenium.remote.RemoteWebDriver.get(RemoteWebDriver.java:364)
	at com.fourstay.step_definitions.DisplayingUserInformationStepDefs.i_am_on_the_fourstay_login_dialog(DisplayingUserInformationStepDefs.java:31)
	at ✽.Given I am on the fourstay login dialog(staytest_account_info_verification.feature:7)
</pre></div>
					</li>
					<li test-id='75' class='node and skip' status='skip'><b>And</b>
						<span class="bdd-step-name">And I enter email "doconnel@testmail.com"</span>
							<div class='pre'>skipped</div>
					</li>
					<li test-id='76' class='node and skip' status='skip'><b>And</b>
						<span class="bdd-step-name">And I enter password "password"</span>
							<div class='pre'>skipped</div>
					</li>
					<li test-id='77' class='node when skip' status='skip'><b>When</b>
						<span class="bdd-step-name">When I click on the login button</span>
							<div class='pre'>skipped</div>
					</li>
					<li test-id='78' class='node when skip' status='skip'><b>When</b>
						<span class="bdd-step-name">When the user goes the account details page</span>
							<div class='pre'>skipped</div>
					</li>
					<li test-id='79' class='node then skip' status='skip'><b>Then</b>
						<span class="bdd-step-name">Then the user first name, last name and phone number should be as in database</span>
							<div class='pre'>skipped</div>
					</li>
				</ul>
		</li>
	</ul>
</div>
					</div>
				</li>
				
				
				<li class='test displayed active has-leaf fail' status='fail' bdd='true' test-id='80'>
					<div class='test-heading'>
						<span class='test-name'>Login functionality for different user types</span>
						<span class='test-time'>Dec 25, 2017 01:11:43 PM</span>
						<span class='test-status right fail'>fail</span>
					</div>
					<div class='test-content hide'>
<div class='scenario node' test-id='81' status='fail'>
	<span class='duration right label'>0h 0m 0s+23ms</span>
	<div class='desc'>
		<b>Scenario</b>
		<span class="desc-text">Login as a host</span>
	</div>
	<ul class='steps'>
		<li test-id='82' class='node given fail' status='fail'>
			
			<b>Given</b>
			
			<span class="bdd-step-name">Given I am on the fourstay homepage</span>
				<div class='pre'><pre>org.openqa.selenium.WebDriverException: chrome not reachable
  (Session info: chrome=63.0.3239.108)
  (Driver info: chromedriver=2.30.477690 (c53f4ad87510ee97b5c3425a14c0e79780cdf262),platform=Mac OS X 10.13.2 x86_64) (WARNING: The server did not provide any stacktrace information)
Command duration or timeout: 9 milliseconds
Build info: version: '3.4.0', revision: 'unknown', time: 'unknown'
System info: host: 'Bogdans-MBP.fios-router.home', ip: 'fe80:0:0:0:1436:99a0:b120:fe68%en0', os.name: 'Mac OS X', os.arch: 'x86_64', os.version: '10.13.2', java.version: '1.8.0_121'
Driver info: org.openqa.selenium.chrome.ChromeDriver
Capabilities [{applicationCacheEnabled=false, rotatable=false, mobileEmulationEnabled=false, networkConnectionEnabled=false, chrome={chromedriverVersion=2.30.477690 (c53f4ad87510ee97b5c3425a14c0e79780cdf262), userDataDir=/var/folders/5r/h4bsx0fn2q91hsk5dsl7ynjr0000gn/T/.org.chromium.Chromium.LnEdkc}, takesHeapSnapshot=true, pageLoadStrategy=normal, databaseEnabled=false, handlesAlerts=true, hasTouchScreen=false, version=63.0.3239.108, platform=MAC, browserConnectionEnabled=false, nativeEvents=true, acceptSslCerts=true, locationContextEnabled=true, webStorageEnabled=true, browserName=chrome, takesScreenshot=true, javascriptEnabled=true, cssSelectorsEnabled=true, unexpectedAlertBehaviour=}]
Session ID: 40f2d2c66d428657363a00c2342443ee
	at sun.reflect.GeneratedConstructorAccessor14.newInstance(Unknown Source)
	at sun.reflect.DelegatingConstructorAccessorImpl.newInstance(DelegatingConstructorAccessorImpl.java:45)
	at java.lang.reflect.Constructor.newInstance(Constructor.java:423)
	at org.openqa.selenium.remote.ErrorHandler.createThrowable(ErrorHandler.java:215)
	at org.openqa.selenium.remote.ErrorHandler.throwIfResponseFailed(ErrorHandler.java:167)
	at org.openqa.selenium.remote.RemoteWebDriver.execute(RemoteWebDriver.java:671)
	at org.openqa.selenium.remote.RemoteWebDriver.get(RemoteWebDriver.java:364)
	at com.fourstay.step_definitions.SearchStepDefs.i_am_on_the_fourstay_homepage(SearchStepDefs.java:28)
	at ✽.Given I am on the fourstay homepage(user_type_login_tests.feature:7)
</pre></div>
			
		</li>
		<li test-id='83' class='node when skip' status='skip'>
			
			<b>When</b>
			
			<span class="bdd-step-name">When I login as a host</span>
				<div class='pre'>skipped</div>
			
		</li>
		<li test-id='84' class='node then skip' status='skip'>
			
			<b>Then</b>
			
			<span class="bdd-step-name">Then I should be able verify I am logged in</span>
				<div class='pre'>skipped</div>
			
		</li>
	</ul>
</div>
<div class='scenario node' test-id='85' status='fail'>
	<span class='duration right label'>0h 0m 0s+17ms</span>
	<div class='desc'>
		<b>Scenario</b>
		<span class="desc-text">Login as a guest</span>
	</div>
	<ul class='steps'>
		<li test-id='86' class='node given fail' status='fail'>
			
			<b>Given</b>
			
			<span class="bdd-step-name">Given I am on the fourstay homepage</span>
				<div class='pre'><pre>org.openqa.selenium.WebDriverException: chrome not reachable
  (Session info: chrome=63.0.3239.108)
  (Driver info: chromedriver=2.30.477690 (c53f4ad87510ee97b5c3425a14c0e79780cdf262),platform=Mac OS X 10.13.2 x86_64) (WARNING: The server did not provide any stacktrace information)
Command duration or timeout: 6 milliseconds
Build info: version: '3.4.0', revision: 'unknown', time: 'unknown'
System info: host: 'Bogdans-MBP.fios-router.home', ip: 'fe80:0:0:0:1436:99a0:b120:fe68%en0', os.name: 'Mac OS X', os.arch: 'x86_64', os.version: '10.13.2', java.version: '1.8.0_121'
Driver info: org.openqa.selenium.chrome.ChromeDriver
Capabilities [{applicationCacheEnabled=false, rotatable=false, mobileEmulationEnabled=false, networkConnectionEnabled=false, chrome={chromedriverVersion=2.30.477690 (c53f4ad87510ee97b5c3425a14c0e79780cdf262), userDataDir=/var/folders/5r/h4bsx0fn2q91hsk5dsl7ynjr0000gn/T/.org.chromium.Chromium.LnEdkc}, takesHeapSnapshot=true, pageLoadStrategy=normal, databaseEnabled=false, handlesAlerts=true, hasTouchScreen=false, version=63.0.3239.108, platform=MAC, browserConnectionEnabled=false, nativeEvents=true, acceptSslCerts=true, locationContextEnabled=true, webStorageEnabled=true, browserName=chrome, takesScreenshot=true, javascriptEnabled=true, cssSelectorsEnabled=true, unexpectedAlertBehaviour=}]
Session ID: 40f2d2c66d428657363a00c2342443ee
	at sun.reflect.GeneratedConstructorAccessor14.newInstance(Unknown Source)
	at sun.reflect.DelegatingConstructorAccessorImpl.newInstance(DelegatingConstructorAccessorImpl.java:45)
	at java.lang.reflect.Constructor.newInstance(Constructor.java:423)
	at org.openqa.selenium.remote.ErrorHandler.createThrowable(ErrorHandler.java:215)
	at org.openqa.selenium.remote.ErrorHandler.throwIfResponseFailed(ErrorHandler.java:167)
	at org.openqa.selenium.remote.RemoteWebDriver.execute(RemoteWebDriver.java:671)
	at org.openqa.selenium.remote.RemoteWebDriver.get(RemoteWebDriver.java:364)
	at com.fourstay.step_definitions.SearchStepDefs.i_am_on_the_fourstay_homepage(SearchStepDefs.java:28)
	at ✽.Given I am on the fourstay homepage(user_type_login_tests.feature:13)
</pre></div>
			
		</li>
		<li test-id='87' class='node when skip' status='skip'>
			
			<b>When</b>
			
			<span class="bdd-step-name">When I login as a guest</span>
				<div class='pre'>skipped</div>
			
		</li>
		<li test-id='88' class='node then skip' status='skip'>
			
			<b>Then</b>
			
			<span class="bdd-step-name">Then I should be able verify I am logged in</span>
				<div class='pre'>skipped</div>
			
		</li>
	</ul>
</div>
					</div>
				</li>
			</ul>
		</div>
	</div>
	<!-- subview left -->

	<div class='subview-right left'>
		<div class='view-summary'>
			<h5 class='test-name'></h5>

			<div id='step-filters' class="right">
				<span class="blue-text" status="info" alt="info" title="info"><i class="material-icons">info_outline</i></span>
				<span class="green-text" status="pass" alt="pass" title="pass"><i class="material-icons">check_circle</i></span>
				<span class="red-text" status="fail" alt="fail" title="fail"><i class="material-icons">cancel</i></span>
				<span class="red-text text-darken-4" status="fatal" alt="fatal" title="fatal"><i class="material-icons">cancel</i></span>
				<span class="pink-text text-lighten-1" status="error" alt="error" title="error"><i class="material-icons">error</i></span>
				<span class="orange-text" alt="warning" status="warning" title="warning"><i class="material-icons">warning</i></span>
				<span class="teal-text" status="skip" alt="skip" title="skip"><i class="material-icons">redo</i></span>
				<span status="clear" alt="Clear filters" title="Clear filters"><i class="material-icons">clear</i></span>
			</div>
		</div>
	</div>
	<!-- subview right -->

</div>
<!-- test view -->
<div id='category-view' class='view hide'>

	<section id='controls'>
		<div class='controls grey lighten-4'>
			<!-- search -->
			<div class='chip transparent' alt='Search Tests' title='Search Tests'>
				<a href="#" class='search-div'>
					<i class='material-icons'>search</i> Search
				</a>
				
				<div class='input-field left hide'>
					<input id='search-tests' type='text' class='validate browser-default' placeholder='Search Tests...'>
				</div>
				
			</div>
			<!-- search -->
		</div>
	</section>

	<div class='subview-left left'>
		
		<div class='view-summary'>
			<h5>Categories</h3>
			<ul id='category-collection' class='category-collection'>
				
				<li class='category displayed active'>
					<div class='category-heading'>
						<span class='category-name'>@smoke</span>
						<span class='category-status right'>
							<span class='label fail'>13</span>
						</span>
					</div>
					<div class='category-content hide'>
						<div class='category-status-counts'>
							
							<span class='label red lighten-1 white-text'>Failed: 13</span>
							
						</div>
					
						<div class='category-tests'>
							<table class='bordered table-results'>
								<thead>
									<tr>
										<th>Timestamp</th>
										<th>TestName</th>
										<th>Status</th>
									</tr>
								</thead>
								<tbody>
									<tr>
										<td>Dec 25, 2017 01:11:33 PM</td>
										<td class='linked' test-id='1'>Search for stay for price presence</td>
										<td><span class='test-status fail'>fail</span></td>
									</tr>
									<tr>
										<td>Dec 25, 2017 01:11:42 PM</td>
										<td class='linked' test-id='8'>Account info verification</td>
										<td><span class='test-status fail'>fail</span></td>
									</tr>
									<tr>
										<td>Dec 25, 2017 01:11:42 PM</td>
										<td class='linked' test-id='10'>Account info verification.Verify user information.Verify user information</td>
										<td><span class='test-status fail'>fail</span></td>
									</tr>
									<tr>
										<td>Dec 25, 2017 01:11:42 PM</td>
										<td class='linked' test-id='17'>Account info verification.Verify user information.Verify user information</td>
										<td><span class='test-status fail'>fail</span></td>
									</tr>
									<tr>
										<td>Dec 25, 2017 01:11:42 PM</td>
										<td class='linked' test-id='24'>Account info verification.Verify user information.Verify user information</td>
										<td><span class='test-status fail'>fail</span></td>
									</tr>
									<tr>
										<td>Dec 25, 2017 01:11:42 PM</td>
										<td class='linked' test-id='31'>Account info verification.Verify user information.Verify user information</td>
										<td><span class='test-status fail'>fail</span></td>
									</tr>
									<tr>
										<td>Dec 25, 2017 01:11:42 PM</td>
										<td class='linked' test-id='38'>Account info verification.Verify user information.Verify user information</td>
										<td><span class='test-status fail'>fail</span></td>
									</tr>
									<tr>
										<td>Dec 25, 2017 01:11:42 PM</td>
										<td class='linked' test-id='45'>Account info verification.Verify user information.Verify user information</td>
										<td><span class='test-status fail'>fail</span></td>
									</tr>
									<tr>
										<td>Dec 25, 2017 01:11:43 PM</td>
										<td class='linked' test-id='52'>Account info verification.Verify user information.Verify user information</td>
										<td><span class='test-status fail'>fail</span></td>
									</tr>
									<tr>
										<td>Dec 25, 2017 01:11:43 PM</td>
										<td class='linked' test-id='59'>Account info verification.Verify user information.Verify user information</td>
										<td><span class='test-status fail'>fail</span></td>
									</tr>
									<tr>
										<td>Dec 25, 2017 01:11:43 PM</td>
										<td class='linked' test-id='66'>Account info verification.Verify user information.Verify user information</td>
										<td><span class='test-status fail'>fail</span></td>
									</tr>
									<tr>
										<td>Dec 25, 2017 01:11:43 PM</td>
										<td class='linked' test-id='73'>Account info verification.Verify user information.Verify user information</td>
										<td><span class='test-status fail'>fail</span></td>
									</tr>
									<tr>
										<td>Dec 25, 2017 01:11:43 PM</td>
										<td class='linked' test-id='80'>Login functionality for different user types</td>
										<td><span class='test-status fail'>fail</span></td>
									</tr>
								</tbody>
							</table>
						</div>
					</div>
				</li>

			</ul>
		</div>
	</div>

	<div class='subview-right left'>
		<div class='view-summary'>
			<h5 class='category-name'></h5>
		</div>
	</div>
</div>
<!-- category view -->
<div id='exception-view' class='view hide'>

    <section id='controls'>
        <div class='controls grey lighten-4'>
            <!-- search -->
            <div class='chip transparent' alt='Search Tests' title='Search Tests'>
                <a href="#" class='search-div'>
                    <i class='material-icons'>search</i> Search
                </a>

                <div class='input-field left hide'>
                    <input id='search-tests' type='text' class='validate browser-default' placeholder='Search Tests...'>
                </div>

            </div>
            <!-- search -->
        </div>
    </section>

    <div class='subview-left left'>

        <div class='view-summary'>
            <h5>Exceptions</h3>
                <ul id='exception-collection' class='exception-collection'>

                        <li class='exception displayed active'>
                            <div class='exception-heading'>
                                <span class='exception-name'>org.openqa.selenium.WebDriverException</span>
                                <span class='exception-count right'><span class='label red lighten-1 white-text'>13</span></span>
                            </div>
                            <div class='exception-content hide'>
                                <div class='exception-tests'>
                                    <table class='bordered table-results'>
                                        <thead>
                                        <tr>
                                            <th>Timestamp</th>
                                            <th>TestName</th>
                                            <th>Status</th>
                                        </tr>
                                        </thead>
                                        <tbody>
                                                    <tr>
                                                        <td>Dec 25, 2017 01:11:37 PM</td>
                                                        <td class='linked' test-id='3'>Search for stay for price presence.Verify price presence.Given I am on the fourstay homepage</td>
                                                        <td><pre><pre>org.openqa.selenium.WebDriverException: disconnected: unable to connect to renderer
  (Session info: chrome=63.0.3239.108)
  (Driver info: chromedriver=2.30.477690 (c53f4ad87510ee97b5c3425a14c0e79780cdf262),platform=Mac OS X 10.13.2 x86_64) (WARNING: The server did not provide any stacktrace information)
Command duration or timeout: 42 milliseconds
Build info: version: '3.4.0', revision: 'unknown', time: 'unknown'
System info: host: 'Bogdans-MBP.fios-router.home', ip: 'fe80:0:0:0:1436:99a0:b120:fe68%en0', os.name: 'Mac OS X', os.arch: 'x86_64', os.version: '10.13.2', java.version: '1.8.0_121'
Driver info: org.openqa.selenium.chrome.ChromeDriver
Capabilities [{applicationCacheEnabled=false, rotatable=false, mobileEmulationEnabled=false, networkConnectionEnabled=false, chrome={chromedriverVersion=2.30.477690 (c53f4ad87510ee97b5c3425a14c0e79780cdf262), userDataDir=/var/folders/5r/h4bsx0fn2q91hsk5dsl7ynjr0000gn/T/.org.chromium.Chromium.LnEdkc}, takesHeapSnapshot=true, pageLoadStrategy=normal, databaseEnabled=false, handlesAlerts=true, hasTouchScreen=false, version=63.0.3239.108, platform=MAC, browserConnectionEnabled=false, nativeEvents=true, acceptSslCerts=true, locationContextEnabled=true, webStorageEnabled=true, browserName=chrome, takesScreenshot=true, javascriptEnabled=true, cssSelectorsEnabled=true, unexpectedAlertBehaviour=}]
Session ID: 40f2d2c66d428657363a00c2342443ee
	at sun.reflect.NativeConstructorAccessorImpl.newInstance0(Native Method)
	at sun.reflect.NativeConstructorAccessorImpl.newInstance(NativeConstructorAccessorImpl.java:62)
	at sun.reflect.DelegatingConstructorAccessorImpl.newInstance(DelegatingConstructorAccessorImpl.java:45)
	at java.lang.reflect.Constructor.newInstance(Constructor.java:423)
	at org.openqa.selenium.remote.ErrorHandler.createThrowable(ErrorHandler.java:215)
	at org.openqa.selenium.remote.ErrorHandler.throwIfResponseFailed(ErrorHandler.java:167)
	at org.openqa.selenium.remote.RemoteWebDriver.execute(RemoteWebDriver.java:671)
	at org.openqa.selenium.remote.RemoteWebDriver.execute(RemoteWebDriver.java:694)
	at org.openqa.selenium.remote.RemoteWebDriver$RemoteWebDriverOptions$RemoteWindow.maximize(RemoteWebDriver.java:925)
	at com.fourstay.step_definitions.SearchStepDefs.i_am_on_the_fourstay_homepage(SearchStepDefs.java:29)
	at ✽.Given I am on the fourstay homepage(staytest_36_verifying_price_presence.feature:8)
</pre></pre></td>
                                                    </tr>
                                                    <tr>
                                                        <td>Dec 25, 2017 01:11:42 PM</td>
                                                        <td class='linked' test-id='11'>Account info verification.Verify user information.Verify user information.Given I am on the fourstay login dialog</td>
                                                        <td><pre><pre>org.openqa.selenium.WebDriverException: chrome not reachable
  (Session info: chrome=63.0.3239.108)
  (Driver info: chromedriver=2.30.477690 (c53f4ad87510ee97b5c3425a14c0e79780cdf262),platform=Mac OS X 10.13.2 x86_64) (WARNING: The server did not provide any stacktrace information)
Command duration or timeout: 13 milliseconds
Build info: version: '3.4.0', revision: 'unknown', time: 'unknown'
System info: host: 'Bogdans-MBP.fios-router.home', ip: 'fe80:0:0:0:1436:99a0:b120:fe68%en0', os.name: 'Mac OS X', os.arch: 'x86_64', os.version: '10.13.2', java.version: '1.8.0_121'
Driver info: org.openqa.selenium.chrome.ChromeDriver
Capabilities [{applicationCacheEnabled=false, rotatable=false, mobileEmulationEnabled=false, networkConnectionEnabled=false, chrome={chromedriverVersion=2.30.477690 (c53f4ad87510ee97b5c3425a14c0e79780cdf262), userDataDir=/var/folders/5r/h4bsx0fn2q91hsk5dsl7ynjr0000gn/T/.org.chromium.Chromium.LnEdkc}, takesHeapSnapshot=true, pageLoadStrategy=normal, databaseEnabled=false, handlesAlerts=true, hasTouchScreen=false, version=63.0.3239.108, platform=MAC, browserConnectionEnabled=false, nativeEvents=true, acceptSslCerts=true, locationContextEnabled=true, webStorageEnabled=true, browserName=chrome, takesScreenshot=true, javascriptEnabled=true, cssSelectorsEnabled=true, unexpectedAlertBehaviour=}]
Session ID: 40f2d2c66d428657363a00c2342443ee
	at sun.reflect.NativeConstructorAccessorImpl.newInstance0(Native Method)
	at sun.reflect.NativeConstructorAccessorImpl.newInstance(NativeConstructorAccessorImpl.java:62)
	at sun.reflect.DelegatingConstructorAccessorImpl.newInstance(DelegatingConstructorAccessorImpl.java:45)
	at java.lang.reflect.Constructor.newInstance(Constructor.java:423)
	at org.openqa.selenium.remote.ErrorHandler.createThrowable(ErrorHandler.java:215)
	at org.openqa.selenium.remote.ErrorHandler.throwIfResponseFailed(ErrorHandler.java:167)
	at org.openqa.selenium.remote.RemoteWebDriver.execute(RemoteWebDriver.java:671)
	at org.openqa.selenium.remote.RemoteWebDriver.get(RemoteWebDriver.java:364)
	at com.fourstay.step_definitions.DisplayingUserInformationStepDefs.i_am_on_the_fourstay_login_dialog(DisplayingUserInformationStepDefs.java:31)
	at ✽.Given I am on the fourstay login dialog(staytest_account_info_verification.feature:7)
</pre></pre></td>
                                                    </tr>
                                                    <tr>
                                                        <td>Dec 25, 2017 01:11:42 PM</td>
                                                        <td class='linked' test-id='18'>Account info verification.Verify user information.Verify user information.Given I am on the fourstay login dialog</td>
                                                        <td><pre><pre>org.openqa.selenium.WebDriverException: chrome not reachable
  (Session info: chrome=63.0.3239.108)
  (Driver info: chromedriver=2.30.477690 (c53f4ad87510ee97b5c3425a14c0e79780cdf262),platform=Mac OS X 10.13.2 x86_64) (WARNING: The server did not provide any stacktrace information)
Command duration or timeout: 11 milliseconds
Build info: version: '3.4.0', revision: 'unknown', time: 'unknown'
System info: host: 'Bogdans-MBP.fios-router.home', ip: 'fe80:0:0:0:1436:99a0:b120:fe68%en0', os.name: 'Mac OS X', os.arch: 'x86_64', os.version: '10.13.2', java.version: '1.8.0_121'
Driver info: org.openqa.selenium.chrome.ChromeDriver
Capabilities [{applicationCacheEnabled=false, rotatable=false, mobileEmulationEnabled=false, networkConnectionEnabled=false, chrome={chromedriverVersion=2.30.477690 (c53f4ad87510ee97b5c3425a14c0e79780cdf262), userDataDir=/var/folders/5r/h4bsx0fn2q91hsk5dsl7ynjr0000gn/T/.org.chromium.Chromium.LnEdkc}, takesHeapSnapshot=true, pageLoadStrategy=normal, databaseEnabled=false, handlesAlerts=true, hasTouchScreen=false, version=63.0.3239.108, platform=MAC, browserConnectionEnabled=false, nativeEvents=true, acceptSslCerts=true, locationContextEnabled=true, webStorageEnabled=true, browserName=chrome, takesScreenshot=true, javascriptEnabled=true, cssSelectorsEnabled=true, unexpectedAlertBehaviour=}]
Session ID: 40f2d2c66d428657363a00c2342443ee
	at sun.reflect.NativeConstructorAccessorImpl.newInstance0(Native Method)
	at sun.reflect.NativeConstructorAccessorImpl.newInstance(NativeConstructorAccessorImpl.java:62)
	at sun.reflect.DelegatingConstructorAccessorImpl.newInstance(DelegatingConstructorAccessorImpl.java:45)
	at java.lang.reflect.Constructor.newInstance(Constructor.java:423)
	at org.openqa.selenium.remote.ErrorHandler.createThrowable(ErrorHandler.java:215)
	at org.openqa.selenium.remote.ErrorHandler.throwIfResponseFailed(ErrorHandler.java:167)
	at org.openqa.selenium.remote.RemoteWebDriver.execute(RemoteWebDriver.java:671)
	at org.openqa.selenium.remote.RemoteWebDriver.get(RemoteWebDriver.java:364)
	at com.fourstay.step_definitions.DisplayingUserInformationStepDefs.i_am_on_the_fourstay_login_dialog(DisplayingUserInformationStepDefs.java:31)
	at ✽.Given I am on the fourstay login dialog(staytest_account_info_verification.feature:7)
</pre></pre></td>
                                                    </tr>
                                                    <tr>
                                                        <td>Dec 25, 2017 01:11:42 PM</td>
                                                        <td class='linked' test-id='25'>Account info verification.Verify user information.Verify user information.Given I am on the fourstay login dialog</td>
                                                        <td><pre><pre>org.openqa.selenium.WebDriverException: chrome not reachable
  (Session info: chrome=63.0.3239.108)
  (Driver info: chromedriver=2.30.477690 (c53f4ad87510ee97b5c3425a14c0e79780cdf262),platform=Mac OS X 10.13.2 x86_64) (WARNING: The server did not provide any stacktrace information)
Command duration or timeout: 44 milliseconds
Build info: version: '3.4.0', revision: 'unknown', time: 'unknown'
System info: host: 'Bogdans-MBP.fios-router.home', ip: 'fe80:0:0:0:1436:99a0:b120:fe68%en0', os.name: 'Mac OS X', os.arch: 'x86_64', os.version: '10.13.2', java.version: '1.8.0_121'
Driver info: org.openqa.selenium.chrome.ChromeDriver
Capabilities [{applicationCacheEnabled=false, rotatable=false, mobileEmulationEnabled=false, networkConnectionEnabled=false, chrome={chromedriverVersion=2.30.477690 (c53f4ad87510ee97b5c3425a14c0e79780cdf262), userDataDir=/var/folders/5r/h4bsx0fn2q91hsk5dsl7ynjr0000gn/T/.org.chromium.Chromium.LnEdkc}, takesHeapSnapshot=true, pageLoadStrategy=normal, databaseEnabled=false, handlesAlerts=true, hasTouchScreen=false, version=63.0.3239.108, platform=MAC, browserConnectionEnabled=false, nativeEvents=true, acceptSslCerts=true, locationContextEnabled=true, webStorageEnabled=true, browserName=chrome, takesScreenshot=true, javascriptEnabled=true, cssSelectorsEnabled=true, unexpectedAlertBehaviour=}]
Session ID: 40f2d2c66d428657363a00c2342443ee
	at sun.reflect.NativeConstructorAccessorImpl.newInstance0(Native Method)
	at sun.reflect.NativeConstructorAccessorImpl.newInstance(NativeConstructorAccessorImpl.java:62)
	at sun.reflect.DelegatingConstructorAccessorImpl.newInstance(DelegatingConstructorAccessorImpl.java:45)
	at java.lang.reflect.Constructor.newInstance(Constructor.java:423)
	at org.openqa.selenium.remote.ErrorHandler.createThrowable(ErrorHandler.java:215)
	at org.openqa.selenium.remote.ErrorHandler.throwIfResponseFailed(ErrorHandler.java:167)
	at org.openqa.selenium.remote.RemoteWebDriver.execute(RemoteWebDriver.java:671)
	at org.openqa.selenium.remote.RemoteWebDriver.get(RemoteWebDriver.java:364)
	at com.fourstay.step_definitions.DisplayingUserInformationStepDefs.i_am_on_the_fourstay_login_dialog(DisplayingUserInformationStepDefs.java:31)
	at ✽.Given I am on the fourstay login dialog(staytest_account_info_verification.feature:7)
</pre></pre></td>
                                                    </tr>
                                                    <tr>
                                                        <td>Dec 25, 2017 01:11:42 PM</td>
                                                        <td class='linked' test-id='32'>Account info verification.Verify user information.Verify user information.Given I am on the fourstay login dialog</td>
                                                        <td><pre><pre>org.openqa.selenium.WebDriverException: chrome not reachable
  (Session info: chrome=63.0.3239.108)
  (Driver info: chromedriver=2.30.477690 (c53f4ad87510ee97b5c3425a14c0e79780cdf262),platform=Mac OS X 10.13.2 x86_64) (WARNING: The server did not provide any stacktrace information)
Command duration or timeout: 12 milliseconds
Build info: version: '3.4.0', revision: 'unknown', time: 'unknown'
System info: host: 'Bogdans-MBP.fios-router.home', ip: 'fe80:0:0:0:1436:99a0:b120:fe68%en0', os.name: 'Mac OS X', os.arch: 'x86_64', os.version: '10.13.2', java.version: '1.8.0_121'
Driver info: org.openqa.selenium.chrome.ChromeDriver
Capabilities [{applicationCacheEnabled=false, rotatable=false, mobileEmulationEnabled=false, networkConnectionEnabled=false, chrome={chromedriverVersion=2.30.477690 (c53f4ad87510ee97b5c3425a14c0e79780cdf262), userDataDir=/var/folders/5r/h4bsx0fn2q91hsk5dsl7ynjr0000gn/T/.org.chromium.Chromium.LnEdkc}, takesHeapSnapshot=true, pageLoadStrategy=normal, databaseEnabled=false, handlesAlerts=true, hasTouchScreen=false, version=63.0.3239.108, platform=MAC, browserConnectionEnabled=false, nativeEvents=true, acceptSslCerts=true, locationContextEnabled=true, webStorageEnabled=true, browserName=chrome, takesScreenshot=true, javascriptEnabled=true, cssSelectorsEnabled=true, unexpectedAlertBehaviour=}]
Session ID: 40f2d2c66d428657363a00c2342443ee
	at sun.reflect.NativeConstructorAccessorImpl.newInstance0(Native Method)
	at sun.reflect.NativeConstructorAccessorImpl.newInstance(NativeConstructorAccessorImpl.java:62)
	at sun.reflect.DelegatingConstructorAccessorImpl.newInstance(DelegatingConstructorAccessorImpl.java:45)
	at java.lang.reflect.Constructor.newInstance(Constructor.java:423)
	at org.openqa.selenium.remote.ErrorHandler.createThrowable(ErrorHandler.java:215)
	at org.openqa.selenium.remote.ErrorHandler.throwIfResponseFailed(ErrorHandler.java:167)
	at org.openqa.selenium.remote.RemoteWebDriver.execute(RemoteWebDriver.java:671)
	at org.openqa.selenium.remote.RemoteWebDriver.get(RemoteWebDriver.java:364)
	at com.fourstay.step_definitions.DisplayingUserInformationStepDefs.i_am_on_the_fourstay_login_dialog(DisplayingUserInformationStepDefs.java:31)
	at ✽.Given I am on the fourstay login dialog(staytest_account_info_verification.feature:7)
</pre></pre></td>
                                                    </tr>
                                                    <tr>
                                                        <td>Dec 25, 2017 01:11:42 PM</td>
                                                        <td class='linked' test-id='39'>Account info verification.Verify user information.Verify user information.Given I am on the fourstay login dialog</td>
                                                        <td><pre><pre>org.openqa.selenium.WebDriverException: chrome not reachable
  (Session info: chrome=63.0.3239.108)
  (Driver info: chromedriver=2.30.477690 (c53f4ad87510ee97b5c3425a14c0e79780cdf262),platform=Mac OS X 10.13.2 x86_64) (WARNING: The server did not provide any stacktrace information)
Command duration or timeout: 10 milliseconds
Build info: version: '3.4.0', revision: 'unknown', time: 'unknown'
System info: host: 'Bogdans-MBP.fios-router.home', ip: 'fe80:0:0:0:1436:99a0:b120:fe68%en0', os.name: 'Mac OS X', os.arch: 'x86_64', os.version: '10.13.2', java.version: '1.8.0_121'
Driver info: org.openqa.selenium.chrome.ChromeDriver
Capabilities [{applicationCacheEnabled=false, rotatable=false, mobileEmulationEnabled=false, networkConnectionEnabled=false, chrome={chromedriverVersion=2.30.477690 (c53f4ad87510ee97b5c3425a14c0e79780cdf262), userDataDir=/var/folders/5r/h4bsx0fn2q91hsk5dsl7ynjr0000gn/T/.org.chromium.Chromium.LnEdkc}, takesHeapSnapshot=true, pageLoadStrategy=normal, databaseEnabled=false, handlesAlerts=true, hasTouchScreen=false, version=63.0.3239.108, platform=MAC, browserConnectionEnabled=false, nativeEvents=true, acceptSslCerts=true, locationContextEnabled=true, webStorageEnabled=true, browserName=chrome, takesScreenshot=true, javascriptEnabled=true, cssSelectorsEnabled=true, unexpectedAlertBehaviour=}]
Session ID: 40f2d2c66d428657363a00c2342443ee
	at sun.reflect.NativeConstructorAccessorImpl.newInstance0(Native Method)
	at sun.reflect.NativeConstructorAccessorImpl.newInstance(NativeConstructorAccessorImpl.java:62)
	at sun.reflect.DelegatingConstructorAccessorImpl.newInstance(DelegatingConstructorAccessorImpl.java:45)
	at java.lang.reflect.Constructor.newInstance(Constructor.java:423)
	at org.openqa.selenium.remote.ErrorHandler.createThrowable(ErrorHandler.java:215)
	at org.openqa.selenium.remote.ErrorHandler.throwIfResponseFailed(ErrorHandler.java:167)
	at org.openqa.selenium.remote.RemoteWebDriver.execute(RemoteWebDriver.java:671)
	at org.openqa.selenium.remote.RemoteWebDriver.get(RemoteWebDriver.java:364)
	at com.fourstay.step_definitions.DisplayingUserInformationStepDefs.i_am_on_the_fourstay_login_dialog(DisplayingUserInformationStepDefs.java:31)
	at ✽.Given I am on the fourstay login dialog(staytest_account_info_verification.feature:7)
</pre></pre></td>
                                                    </tr>
                                                    <tr>
                                                        <td>Dec 25, 2017 01:11:42 PM</td>
                                                        <td class='linked' test-id='46'>Account info verification.Verify user information.Verify user information.Given I am on the fourstay login dialog</td>
                                                        <td><pre><pre>org.openqa.selenium.WebDriverException: chrome not reachable
  (Session info: chrome=63.0.3239.108)
  (Driver info: chromedriver=2.30.477690 (c53f4ad87510ee97b5c3425a14c0e79780cdf262),platform=Mac OS X 10.13.2 x86_64) (WARNING: The server did not provide any stacktrace information)
Command duration or timeout: 11 milliseconds
Build info: version: '3.4.0', revision: 'unknown', time: 'unknown'
System info: host: 'Bogdans-MBP.fios-router.home', ip: 'fe80:0:0:0:1436:99a0:b120:fe68%en0', os.name: 'Mac OS X', os.arch: 'x86_64', os.version: '10.13.2', java.version: '1.8.0_121'
Driver info: org.openqa.selenium.chrome.ChromeDriver
Capabilities [{applicationCacheEnabled=false, rotatable=false, mobileEmulationEnabled=false, networkConnectionEnabled=false, chrome={chromedriverVersion=2.30.477690 (c53f4ad87510ee97b5c3425a14c0e79780cdf262), userDataDir=/var/folders/5r/h4bsx0fn2q91hsk5dsl7ynjr0000gn/T/.org.chromium.Chromium.LnEdkc}, takesHeapSnapshot=true, pageLoadStrategy=normal, databaseEnabled=false, handlesAlerts=true, hasTouchScreen=false, version=63.0.3239.108, platform=MAC, browserConnectionEnabled=false, nativeEvents=true, acceptSslCerts=true, locationContextEnabled=true, webStorageEnabled=true, browserName=chrome, takesScreenshot=true, javascriptEnabled=true, cssSelectorsEnabled=true, unexpectedAlertBehaviour=}]
Session ID: 40f2d2c66d428657363a00c2342443ee
	at sun.reflect.NativeConstructorAccessorImpl.newInstance0(Native Method)
	at sun.reflect.NativeConstructorAccessorImpl.newInstance(NativeConstructorAccessorImpl.java:62)
	at sun.reflect.DelegatingConstructorAccessorImpl.newInstance(DelegatingConstructorAccessorImpl.java:45)
	at java.lang.reflect.Constructor.newInstance(Constructor.java:423)
	at org.openqa.selenium.remote.ErrorHandler.createThrowable(ErrorHandler.java:215)
	at org.openqa.selenium.remote.ErrorHandler.throwIfResponseFailed(ErrorHandler.java:167)
	at org.openqa.selenium.remote.RemoteWebDriver.execute(RemoteWebDriver.java:671)
	at org.openqa.selenium.remote.RemoteWebDriver.get(RemoteWebDriver.java:364)
	at com.fourstay.step_definitions.DisplayingUserInformationStepDefs.i_am_on_the_fourstay_login_dialog(DisplayingUserInformationStepDefs.java:31)
	at ✽.Given I am on the fourstay login dialog(staytest_account_info_verification.feature:7)
</pre></pre></td>
                                                    </tr>
                                                    <tr>
                                                        <td>Dec 25, 2017 01:11:43 PM</td>
                                                        <td class='linked' test-id='53'>Account info verification.Verify user information.Verify user information.Given I am on the fourstay login dialog</td>
                                                        <td><pre><pre>org.openqa.selenium.WebDriverException: chrome not reachable
  (Session info: chrome=63.0.3239.108)
  (Driver info: chromedriver=2.30.477690 (c53f4ad87510ee97b5c3425a14c0e79780cdf262),platform=Mac OS X 10.13.2 x86_64) (WARNING: The server did not provide any stacktrace information)
Command duration or timeout: 11 milliseconds
Build info: version: '3.4.0', revision: 'unknown', time: 'unknown'
System info: host: 'Bogdans-MBP.fios-router.home', ip: 'fe80:0:0:0:1436:99a0:b120:fe68%en0', os.name: 'Mac OS X', os.arch: 'x86_64', os.version: '10.13.2', java.version: '1.8.0_121'
Driver info: org.openqa.selenium.chrome.ChromeDriver
Capabilities [{applicationCacheEnabled=false, rotatable=false, mobileEmulationEnabled=false, networkConnectionEnabled=false, chrome={chromedriverVersion=2.30.477690 (c53f4ad87510ee97b5c3425a14c0e79780cdf262), userDataDir=/var/folders/5r/h4bsx0fn2q91hsk5dsl7ynjr0000gn/T/.org.chromium.Chromium.LnEdkc}, takesHeapSnapshot=true, pageLoadStrategy=normal, databaseEnabled=false, handlesAlerts=true, hasTouchScreen=false, version=63.0.3239.108, platform=MAC, browserConnectionEnabled=false, nativeEvents=true, acceptSslCerts=true, locationContextEnabled=true, webStorageEnabled=true, browserName=chrome, takesScreenshot=true, javascriptEnabled=true, cssSelectorsEnabled=true, unexpectedAlertBehaviour=}]
Session ID: 40f2d2c66d428657363a00c2342443ee
	at sun.reflect.NativeConstructorAccessorImpl.newInstance0(Native Method)
	at sun.reflect.NativeConstructorAccessorImpl.newInstance(NativeConstructorAccessorImpl.java:62)
	at sun.reflect.DelegatingConstructorAccessorImpl.newInstance(DelegatingConstructorAccessorImpl.java:45)
	at java.lang.reflect.Constructor.newInstance(Constructor.java:423)
	at org.openqa.selenium.remote.ErrorHandler.createThrowable(ErrorHandler.java:215)
	at org.openqa.selenium.remote.ErrorHandler.throwIfResponseFailed(ErrorHandler.java:167)
	at org.openqa.selenium.remote.RemoteWebDriver.execute(RemoteWebDriver.java:671)
	at org.openqa.selenium.remote.RemoteWebDriver.get(RemoteWebDriver.java:364)
	at com.fourstay.step_definitions.DisplayingUserInformationStepDefs.i_am_on_the_fourstay_login_dialog(DisplayingUserInformationStepDefs.java:31)
	at ✽.Given I am on the fourstay login dialog(staytest_account_info_verification.feature:7)
</pre></pre></td>
                                                    </tr>
                                                    <tr>
                                                        <td>Dec 25, 2017 01:11:43 PM</td>
                                                        <td class='linked' test-id='60'>Account info verification.Verify user information.Verify user information.Given I am on the fourstay login dialog</td>
                                                        <td><pre><pre>org.openqa.selenium.WebDriverException: chrome not reachable
  (Session info: chrome=63.0.3239.108)
  (Driver info: chromedriver=2.30.477690 (c53f4ad87510ee97b5c3425a14c0e79780cdf262),platform=Mac OS X 10.13.2 x86_64) (WARNING: The server did not provide any stacktrace information)
Command duration or timeout: 9 milliseconds
Build info: version: '3.4.0', revision: 'unknown', time: 'unknown'
System info: host: 'Bogdans-MBP.fios-router.home', ip: 'fe80:0:0:0:1436:99a0:b120:fe68%en0', os.name: 'Mac OS X', os.arch: 'x86_64', os.version: '10.13.2', java.version: '1.8.0_121'
Driver info: org.openqa.selenium.chrome.ChromeDriver
Capabilities [{applicationCacheEnabled=false, rotatable=false, mobileEmulationEnabled=false, networkConnectionEnabled=false, chrome={chromedriverVersion=2.30.477690 (c53f4ad87510ee97b5c3425a14c0e79780cdf262), userDataDir=/var/folders/5r/h4bsx0fn2q91hsk5dsl7ynjr0000gn/T/.org.chromium.Chromium.LnEdkc}, takesHeapSnapshot=true, pageLoadStrategy=normal, databaseEnabled=false, handlesAlerts=true, hasTouchScreen=false, version=63.0.3239.108, platform=MAC, browserConnectionEnabled=false, nativeEvents=true, acceptSslCerts=true, locationContextEnabled=true, webStorageEnabled=true, browserName=chrome, takesScreenshot=true, javascriptEnabled=true, cssSelectorsEnabled=true, unexpectedAlertBehaviour=}]
Session ID: 40f2d2c66d428657363a00c2342443ee
	at sun.reflect.NativeConstructorAccessorImpl.newInstance0(Native Method)
	at sun.reflect.NativeConstructorAccessorImpl.newInstance(NativeConstructorAccessorImpl.java:62)
	at sun.reflect.DelegatingConstructorAccessorImpl.newInstance(DelegatingConstructorAccessorImpl.java:45)
	at java.lang.reflect.Constructor.newInstance(Constructor.java:423)
	at org.openqa.selenium.remote.ErrorHandler.createThrowable(ErrorHandler.java:215)
	at org.openqa.selenium.remote.ErrorHandler.throwIfResponseFailed(ErrorHandler.java:167)
	at org.openqa.selenium.remote.RemoteWebDriver.execute(RemoteWebDriver.java:671)
	at org.openqa.selenium.remote.RemoteWebDriver.get(RemoteWebDriver.java:364)
	at com.fourstay.step_definitions.DisplayingUserInformationStepDefs.i_am_on_the_fourstay_login_dialog(DisplayingUserInformationStepDefs.java:31)
	at ✽.Given I am on the fourstay login dialog(staytest_account_info_verification.feature:7)
</pre></pre></td>
                                                    </tr>
                                                    <tr>
                                                        <td>Dec 25, 2017 01:11:43 PM</td>
                                                        <td class='linked' test-id='67'>Account info verification.Verify user information.Verify user information.Given I am on the fourstay login dialog</td>
                                                        <td><pre><pre>org.openqa.selenium.WebDriverException: chrome not reachable
  (Session info: chrome=63.0.3239.108)
  (Driver info: chromedriver=2.30.477690 (c53f4ad87510ee97b5c3425a14c0e79780cdf262),platform=Mac OS X 10.13.2 x86_64) (WARNING: The server did not provide any stacktrace information)
Command duration or timeout: 9 milliseconds
Build info: version: '3.4.0', revision: 'unknown', time: 'unknown'
System info: host: 'Bogdans-MBP.fios-router.home', ip: 'fe80:0:0:0:1436:99a0:b120:fe68%en0', os.name: 'Mac OS X', os.arch: 'x86_64', os.version: '10.13.2', java.version: '1.8.0_121'
Driver info: org.openqa.selenium.chrome.ChromeDriver
Capabilities [{applicationCacheEnabled=false, rotatable=false, mobileEmulationEnabled=false, networkConnectionEnabled=false, chrome={chromedriverVersion=2.30.477690 (c53f4ad87510ee97b5c3425a14c0e79780cdf262), userDataDir=/var/folders/5r/h4bsx0fn2q91hsk5dsl7ynjr0000gn/T/.org.chromium.Chromium.LnEdkc}, takesHeapSnapshot=true, pageLoadStrategy=normal, databaseEnabled=false, handlesAlerts=true, hasTouchScreen=false, version=63.0.3239.108, platform=MAC, browserConnectionEnabled=false, nativeEvents=true, acceptSslCerts=true, locationContextEnabled=true, webStorageEnabled=true, browserName=chrome, takesScreenshot=true, javascriptEnabled=true, cssSelectorsEnabled=true, unexpectedAlertBehaviour=}]
Session ID: 40f2d2c66d428657363a00c2342443ee
	at sun.reflect.GeneratedConstructorAccessor14.newInstance(Unknown Source)
	at sun.reflect.DelegatingConstructorAccessorImpl.newInstance(DelegatingConstructorAccessorImpl.java:45)
	at java.lang.reflect.Constructor.newInstance(Constructor.java:423)
	at org.openqa.selenium.remote.ErrorHandler.createThrowable(ErrorHandler.java:215)
	at org.openqa.selenium.remote.ErrorHandler.throwIfResponseFailed(ErrorHandler.java:167)
	at org.openqa.selenium.remote.RemoteWebDriver.execute(RemoteWebDriver.java:671)
	at org.openqa.selenium.remote.RemoteWebDriver.get(RemoteWebDriver.java:364)
	at com.fourstay.step_definitions.DisplayingUserInformationStepDefs.i_am_on_the_fourstay_login_dialog(DisplayingUserInformationStepDefs.java:31)
	at ✽.Given I am on the fourstay login dialog(staytest_account_info_verification.feature:7)
</pre></pre></td>
                                                    </tr>
                                                    <tr>
                                                        <td>Dec 25, 2017 01:11:43 PM</td>
                                                        <td class='linked' test-id='74'>Account info verification.Verify user information.Verify user information.Given I am on the fourstay login dialog</td>
                                                        <td><pre><pre>org.openqa.selenium.WebDriverException: chrome not reachable
  (Session info: chrome=63.0.3239.108)
  (Driver info: chromedriver=2.30.477690 (c53f4ad87510ee97b5c3425a14c0e79780cdf262),platform=Mac OS X 10.13.2 x86_64) (WARNING: The server did not provide any stacktrace information)
Command duration or timeout: 9 milliseconds
Build info: version: '3.4.0', revision: 'unknown', time: 'unknown'
System info: host: 'Bogdans-MBP.fios-router.home', ip: 'fe80:0:0:0:1436:99a0:b120:fe68%en0', os.name: 'Mac OS X', os.arch: 'x86_64', os.version: '10.13.2', java.version: '1.8.0_121'
Driver info: org.openqa.selenium.chrome.ChromeDriver
Capabilities [{applicationCacheEnabled=false, rotatable=false, mobileEmulationEnabled=false, networkConnectionEnabled=false, chrome={chromedriverVersion=2.30.477690 (c53f4ad87510ee97b5c3425a14c0e79780cdf262), userDataDir=/var/folders/5r/h4bsx0fn2q91hsk5dsl7ynjr0000gn/T/.org.chromium.Chromium.LnEdkc}, takesHeapSnapshot=true, pageLoadStrategy=normal, databaseEnabled=false, handlesAlerts=true, hasTouchScreen=false, version=63.0.3239.108, platform=MAC, browserConnectionEnabled=false, nativeEvents=true, acceptSslCerts=true, locationContextEnabled=true, webStorageEnabled=true, browserName=chrome, takesScreenshot=true, javascriptEnabled=true, cssSelectorsEnabled=true, unexpectedAlertBehaviour=}]
Session ID: 40f2d2c66d428657363a00c2342443ee
	at sun.reflect.GeneratedConstructorAccessor14.newInstance(Unknown Source)
	at sun.reflect.DelegatingConstructorAccessorImpl.newInstance(DelegatingConstructorAccessorImpl.java:45)
	at java.lang.reflect.Constructor.newInstance(Constructor.java:423)
	at org.openqa.selenium.remote.ErrorHandler.createThrowable(ErrorHandler.java:215)
	at org.openqa.selenium.remote.ErrorHandler.throwIfResponseFailed(ErrorHandler.java:167)
	at org.openqa.selenium.remote.RemoteWebDriver.execute(RemoteWebDriver.java:671)
	at org.openqa.selenium.remote.RemoteWebDriver.get(RemoteWebDriver.java:364)
	at com.fourstay.step_definitions.DisplayingUserInformationStepDefs.i_am_on_the_fourstay_login_dialog(DisplayingUserInformationStepDefs.java:31)
	at ✽.Given I am on the fourstay login dialog(staytest_account_info_verification.feature:7)
</pre></pre></td>
                                                    </tr>
                                                    <tr>
                                                        <td>Dec 25, 2017 01:11:43 PM</td>
                                                        <td class='linked' test-id='82'>Login functionality for different user types.Login as a host.Given I am on the fourstay homepage</td>
                                                        <td><pre><pre>org.openqa.selenium.WebDriverException: chrome not reachable
  (Session info: chrome=63.0.3239.108)
  (Driver info: chromedriver=2.30.477690 (c53f4ad87510ee97b5c3425a14c0e79780cdf262),platform=Mac OS X 10.13.2 x86_64) (WARNING: The server did not provide any stacktrace information)
Command duration or timeout: 9 milliseconds
Build info: version: '3.4.0', revision: 'unknown', time: 'unknown'
System info: host: 'Bogdans-MBP.fios-router.home', ip: 'fe80:0:0:0:1436:99a0:b120:fe68%en0', os.name: 'Mac OS X', os.arch: 'x86_64', os.version: '10.13.2', java.version: '1.8.0_121'
Driver info: org.openqa.selenium.chrome.ChromeDriver
Capabilities [{applicationCacheEnabled=false, rotatable=false, mobileEmulationEnabled=false, networkConnectionEnabled=false, chrome={chromedriverVersion=2.30.477690 (c53f4ad87510ee97b5c3425a14c0e79780cdf262), userDataDir=/var/folders/5r/h4bsx0fn2q91hsk5dsl7ynjr0000gn/T/.org.chromium.Chromium.LnEdkc}, takesHeapSnapshot=true, pageLoadStrategy=normal, databaseEnabled=false, handlesAlerts=true, hasTouchScreen=false, version=63.0.3239.108, platform=MAC, browserConnectionEnabled=false, nativeEvents=true, acceptSslCerts=true, locationContextEnabled=true, webStorageEnabled=true, browserName=chrome, takesScreenshot=true, javascriptEnabled=true, cssSelectorsEnabled=true, unexpectedAlertBehaviour=}]
Session ID: 40f2d2c66d428657363a00c2342443ee
	at sun.reflect.GeneratedConstructorAccessor14.newInstance(Unknown Source)
	at sun.reflect.DelegatingConstructorAccessorImpl.newInstance(DelegatingConstructorAccessorImpl.java:45)
	at java.lang.reflect.Constructor.newInstance(Constructor.java:423)
	at org.openqa.selenium.remote.ErrorHandler.createThrowable(ErrorHandler.java:215)
	at org.openqa.selenium.remote.ErrorHandler.throwIfResponseFailed(ErrorHandler.java:167)
	at org.openqa.selenium.remote.RemoteWebDriver.execute(RemoteWebDriver.java:671)
	at org.openqa.selenium.remote.RemoteWebDriver.get(RemoteWebDriver.java:364)
	at com.fourstay.step_definitions.SearchStepDefs.i_am_on_the_fourstay_homepage(SearchStepDefs.java:28)
	at ✽.Given I am on the fourstay homepage(user_type_login_tests.feature:7)
</pre></pre></td>
                                                    </tr>
                                                    <tr>
                                                        <td>Dec 25, 2017 01:11:43 PM</td>
                                                        <td class='linked' test-id='86'>Login functionality for different user types.Login as a guest.Given I am on the fourstay homepage</td>
                                                        <td><pre><pre>org.openqa.selenium.WebDriverException: chrome not reachable
  (Session info: chrome=63.0.3239.108)
  (Driver info: chromedriver=2.30.477690 (c53f4ad87510ee97b5c3425a14c0e79780cdf262),platform=Mac OS X 10.13.2 x86_64) (WARNING: The server did not provide any stacktrace information)
Command duration or timeout: 6 milliseconds
Build info: version: '3.4.0', revision: 'unknown', time: 'unknown'
System info: host: 'Bogdans-MBP.fios-router.home', ip: 'fe80:0:0:0:1436:99a0:b120:fe68%en0', os.name: 'Mac OS X', os.arch: 'x86_64', os.version: '10.13.2', java.version: '1.8.0_121'
Driver info: org.openqa.selenium.chrome.ChromeDriver
Capabilities [{applicationCacheEnabled=false, rotatable=false, mobileEmulationEnabled=false, networkConnectionEnabled=false, chrome={chromedriverVersion=2.30.477690 (c53f4ad87510ee97b5c3425a14c0e79780cdf262), userDataDir=/var/folders/5r/h4bsx0fn2q91hsk5dsl7ynjr0000gn/T/.org.chromium.Chromium.LnEdkc}, takesHeapSnapshot=true, pageLoadStrategy=normal, databaseEnabled=false, handlesAlerts=true, hasTouchScreen=false, version=63.0.3239.108, platform=MAC, browserConnectionEnabled=false, nativeEvents=true, acceptSslCerts=true, locationContextEnabled=true, webStorageEnabled=true, browserName=chrome, takesScreenshot=true, javascriptEnabled=true, cssSelectorsEnabled=true, unexpectedAlertBehaviour=}]
Session ID: 40f2d2c66d428657363a00c2342443ee
	at sun.reflect.GeneratedConstructorAccessor14.newInstance(Unknown Source)
	at sun.reflect.DelegatingConstructorAccessorImpl.newInstance(DelegatingConstructorAccessorImpl.java:45)
	at java.lang.reflect.Constructor.newInstance(Constructor.java:423)
	at org.openqa.selenium.remote.ErrorHandler.createThrowable(ErrorHandler.java:215)
	at org.openqa.selenium.remote.ErrorHandler.throwIfResponseFailed(ErrorHandler.java:167)
	at org.openqa.selenium.remote.RemoteWebDriver.execute(RemoteWebDriver.java:671)
	at org.openqa.selenium.remote.RemoteWebDriver.get(RemoteWebDriver.java:364)
	at com.fourstay.step_definitions.SearchStepDefs.i_am_on_the_fourstay_homepage(SearchStepDefs.java:28)
	at ✽.Given I am on the fourstay homepage(user_type_login_tests.feature:13)
</pre></pre></td>
                                                    </tr>
                                        </tbody>
                                    </table>
                                </div>
                            </div>
                        </li>
                </ul>
        </div>
    </div>

    <div class='subview-right left'>
        <div class='view-summary'>
            <h5 class='exception-name'></h5>
        </div>
    </div>
</div>
<!-- exception view -->
<div id='dashboard-view' class='view hide'>
	<div class='card-panel transparent np-v'>
		<h5>Dashboard</h5>

		<div class='row'>
			<div class='col s2'>
				<div class='card-panel r'>
					Features
					<div class='panel-lead'>3</div>
				</div>
			</div>
			<div class='col s2'>
				<div class='card-panel r'>
					Scenarios
					<div class='panel-lead'>13</div>
				</div>
			</div>
			<div class='col s2'>
				<div class='card-panel r'>
					Steps
					<div class='panel-lead'>71</div>
				</div>
			</div>
			<div class='col s2'>
				<div class='card-panel r'>
					Start
					<div class='panel-lead'>Dec 25, 2017 01:11:33 PM</div>
				</div>
			</div>
			<div class='col s2'>
				<div class='card-panel r'>
			 		End
			 		<div class='panel-lead'>Dec 25, 2017 01:11:43 PM</div>
				</div>
			</div>
			<div class='col s2'>
				<div class='card-panel r'>
					Time Taken
					<div class='panel-lead'>10,246ms</div>
				</div>
			</div>
			<div class='col s4'>
				<div class='card-panel'>
					<span class='right label cyan white-text'>Categories</span><p>&nbsp;</p>
					
					<table>
						<tr>
							<th>Name</th>
							<th>Passed</th>
							<th>Failed</th>
							<th>Others</th>
						</tr>
						<tr>
							<td>@smoke</td>
							<td>0</td>
							<td>13</td>
							<td>0</td>
						</tr>
					</table>
				</div>
			</div>
		</div>
	</div>
</div>
<!-- dashboard view -->
<!-- testrunner-logs view -->
		</div>
		<!-- container -->

		<script>
			var statusGroup = {
				passParent: 0,
				failParent: 3,
				fatalParent: 0,
				errorParent: 0,
				warningParent: 0,
				skipParent: 0,
				exceptionsParent: 3,
				
				passChild: 0,
				failChild: 13,
				fatalChild: 0,
				errorChild: 0,
				warningChild: 0,
				skipChild: 0,
				infoChild: 0,
				exceptionsChild: 13,
				
				passGrandChild: 0,
				failGrandChild: 13,
				fatalGrandChild: 0,
				errorGrandChild: 0,
				warningGrandChild: 0,
				skipGrandChild: 58,
				infoGrandChild: 0,
				exceptionsGrandChild: 71,
			};
		</script>
		
			<script src='https://cdn.rawgit.com/anshooarora/extentreports-java/5ed7b0c339b51aa347b44ccaa2e2ff29905b2f9f/dist/js/extent.js' type='text/javascript'></script>
		
		
	</body>
	
</html>
